\BOOKMARK [0][-]{chapter.1}{\376\377\0001\000\040\000N\000a\000m\000e\000s\000p\000a\000c\000e\000\040\000I\000n\000d\000e\000x}{}% 1
\BOOKMARK [1][-]{section.1.1}{\376\377\0001\000.\0001\000\040\000N\000a\000m\000e\000s\000p\000a\000c\000e\000\040\000L\000i\000s\000t}{chapter.1}% 2
\BOOKMARK [0][-]{chapter.2}{\376\377\0002\000\040\000H\000i\000e\000r\000a\000r\000c\000h\000i\000c\000a\000l\000\040\000I\000n\000d\000e\000x}{}% 3
\BOOKMARK [1][-]{section.2.1}{\376\377\0002\000.\0001\000\040\000C\000l\000a\000s\000s\000\040\000H\000i\000e\000r\000a\000r\000c\000h\000y}{chapter.2}% 4
\BOOKMARK [0][-]{chapter.3}{\376\377\0003\000\040\000C\000l\000a\000s\000s\000\040\000I\000n\000d\000e\000x}{}% 5
\BOOKMARK [1][-]{section.3.1}{\376\377\0003\000.\0001\000\040\000C\000l\000a\000s\000s\000\040\000L\000i\000s\000t}{chapter.3}% 6
\BOOKMARK [0][-]{chapter.4}{\376\377\0004\000\040\000F\000i\000l\000e\000\040\000I\000n\000d\000e\000x}{}% 7
\BOOKMARK [1][-]{section.4.1}{\376\377\0004\000.\0001\000\040\000F\000i\000l\000e\000\040\000L\000i\000s\000t}{chapter.4}% 8
\BOOKMARK [0][-]{chapter.5}{\376\377\0005\000\040\000N\000a\000m\000e\000s\000p\000a\000c\000e\000\040\000D\000o\000c\000u\000m\000e\000n\000t\000a\000t\000i\000o\000n}{}% 9
\BOOKMARK [1][-]{section.5.1}{\376\377\0005\000.\0001\000\040\000b\000e\000h\000a\000v\000i\000o\000u\000r\000\137\000t\000r\000e\000e\000\040\000N\000a\000m\000e\000s\000p\000a\000c\000e\000\040\000R\000e\000f\000e\000r\000e\000n\000c\000e}{chapter.5}% 10
\BOOKMARK [1][-]{section.5.2}{\376\377\0005\000.\0002\000\040\000c\000a\000r\000\040\000N\000a\000m\000e\000s\000p\000a\000c\000e\000\040\000R\000e\000f\000e\000r\000e\000n\000c\000e}{chapter.5}% 11
\BOOKMARK [1][-]{section.5.3}{\376\377\0005\000.\0003\000\040\000c\000a\000r\000:\000:\000c\000o\000n\000f\000i\000g\000u\000r\000a\000t\000i\000o\000n\000\040\000N\000a\000m\000e\000s\000p\000a\000c\000e\000\040\000R\000e\000f\000e\000r\000e\000n\000c\000e}{chapter.5}% 12
\BOOKMARK [1][-]{section.5.4}{\376\377\0005\000.\0004\000\040\000c\000a\000r\000:\000:\000p\000l\000u\000g\000i\000n\000\040\000N\000a\000m\000e\000s\000p\000a\000c\000e\000\040\000R\000e\000f\000e\000r\000e\000n\000c\000e}{chapter.5}% 13
\BOOKMARK [1][-]{section.5.5}{\376\377\0005\000.\0005\000\040\000c\000a\000r\000:\000:\000s\000y\000s\000t\000e\000m\000\040\000N\000a\000m\000e\000s\000p\000a\000c\000e\000\040\000R\000e\000f\000e\000r\000e\000n\000c\000e}{chapter.5}% 14
\BOOKMARK [1][-]{section.5.6}{\376\377\0005\000.\0006\000\040\000c\000a\000r\000:\000:\000s\000y\000s\000t\000e\000m\000:\000:\000d\000e\000v\000i\000c\000e\000\040\000N\000a\000m\000e\000s\000p\000a\000c\000e\000\040\000R\000e\000f\000e\000r\000e\000n\000c\000e}{chapter.5}% 15
\BOOKMARK [1][-]{section.5.7}{\376\377\0005\000.\0007\000\040\000c\000a\000r\000:\000:\000s\000y\000s\000t\000e\000m\000:\000:\000d\000e\000v\000i\000c\000e\000:\000:\000l\000i\000d\000a\000r\000\040\000N\000a\000m\000e\000s\000p\000a\000c\000e\000\040\000R\000e\000f\000e\000r\000e\000n\000c\000e}{chapter.5}% 16
\BOOKMARK [1][-]{section.5.8}{\376\377\0005\000.\0008\000\040\000c\000a\000r\000:\000:\000s\000y\000s\000t\000e\000m\000:\000:\000l\000o\000g\000g\000i\000n\000g\000\040\000N\000a\000m\000e\000s\000p\000a\000c\000e\000\040\000R\000e\000f\000e\000r\000e\000n\000c\000e}{chapter.5}% 17
\BOOKMARK [2][-]{subsection.5.8.1}{\376\377\0005\000.\0008\000.\0001\000\040\000T\000y\000p\000e\000d\000e\000f\000\040\000D\000o\000c\000u\000m\000e\000n\000t\000a\000t\000i\000o\000n}{section.5.8}% 18
\BOOKMARK [3][-]{subsubsection.5.8.1.1}{\376\377\0005\000.\0008\000.\0001\000.\0001\000\040\000v\000e\000c\000t\000o\000r\000\137\000s\000i\000n\000k\000\137\000m\000t}{subsection.5.8.1}% 19
\BOOKMARK [1][-]{section.5.9}{\376\377\0005\000.\0009\000\040\000c\000a\000r\000:\000:\000s\000y\000s\000t\000e\000m\000:\000:\000m\000e\000s\000s\000a\000g\000i\000n\000g\000\040\000N\000a\000m\000e\000s\000p\000a\000c\000e\000\040\000R\000e\000f\000e\000r\000e\000n\000c\000e}{chapter.5}% 20
\BOOKMARK [1][-]{section.5.10}{\376\377\0005\000.\0001\0000\000\040\000c\000a\000r\000:\000:\000s\000y\000s\000t\000e\000m\000:\000:\000m\000o\000v\000e\000m\000e\000n\000t\000\040\000N\000a\000m\000e\000s\000p\000a\000c\000e\000\040\000R\000e\000f\000e\000r\000e\000n\000c\000e}{chapter.5}% 21
\BOOKMARK [1][-]{section.5.11}{\376\377\0005\000.\0001\0001\000\040\000c\000a\000r\000:\000:\000s\000y\000s\000t\000e\000m\000:\000:\000m\000o\000v\000e\000m\000e\000n\000t\000:\000:\000c\000o\000n\000t\000r\000o\000l\000l\000e\000r\000\040\000N\000a\000m\000e\000s\000p\000a\000c\000e\000\040\000R\000e\000f\000e\000r\000e\000n\000c\000e}{chapter.5}% 22
\BOOKMARK [0][-]{chapter.6}{\376\377\0006\000\040\000C\000l\000a\000s\000s\000\040\000D\000o\000c\000u\000m\000e\000n\000t\000a\000t\000i\000o\000n}{}% 23
\BOOKMARK [1][-]{section.6.1}{\376\377\0006\000.\0001\000\040\000c\000a\000r\000:\000:\000s\000y\000s\000t\000e\000m\000:\000:\000m\000o\000v\000e\000m\000e\000n\000t\000:\000:\000c\000o\000n\000t\000r\000o\000l\000l\000e\000r\000:\000:\000A\000b\000s\000t\000r\000a\000c\000t\000M\000o\000v\000e\000m\000e\000n\000t\000C\000o\000n\000t\000r\000o\000l\000l\000e\000r\000\040\000C\000l\000a\000s\000s\000\040\000R\000e\000f\000e\000r\000e\000n\000c\000e}{chapter.6}% 24
\BOOKMARK [2][-]{subsection.6.1.1}{\376\377\0006\000.\0001\000.\0001\000\040\000M\000e\000m\000b\000e\000r\000\040\000F\000u\000n\000c\000t\000i\000o\000n\000\040\000D\000o\000c\000u\000m\000e\000n\000t\000a\000t\000i\000o\000n}{section.6.1}% 25
\BOOKMARK [3][-]{subsubsection.6.1.1.1}{\376\377\0006\000.\0001\000.\0001\000.\0001\000\040\000i\000n\000i\000t\000i\000a\000l\000i\000z\000e\000\050\000\051}{subsection.6.1.1}% 26
\BOOKMARK [3][-]{subsubsection.6.1.1.2}{\376\377\0006\000.\0001\000.\0001\000.\0002\000\040\000s\000e\000t\000C\000a\000m\000e\000r\000a\000S\000e\000r\000v\000o\0001\000A\000n\000g\000l\000e\000\050\000\051}{subsection.6.1.1}% 27
\BOOKMARK [3][-]{subsubsection.6.1.1.3}{\376\377\0006\000.\0001\000.\0001\000.\0003\000\040\000s\000e\000t\000C\000a\000m\000e\000r\000a\000S\000e\000r\000v\000o\0002\000A\000n\000g\000l\000e\000\050\000\051}{subsection.6.1.1}% 28
\BOOKMARK [3][-]{subsubsection.6.1.1.4}{\376\377\0006\000.\0001\000.\0001\000.\0004\000\040\000s\000e\000t\000F\000r\000o\000n\000t\000W\000h\000e\000e\000l\000s\000A\000n\000g\000l\000e\000\050\000\051}{subsection.6.1.1}% 29
\BOOKMARK [3][-]{subsubsection.6.1.1.5}{\376\377\0006\000.\0001\000.\0001\000.\0005\000\040\000s\000e\000t\000R\000e\000a\000r\000L\000e\000f\000t\000W\000h\000e\000e\000l\000D\000i\000r\000e\000c\000t\000i\000o\000n\000T\000o\000B\000a\000c\000k\000w\000a\000r\000d\000\050\000\051}{subsection.6.1.1}% 30
\BOOKMARK [3][-]{subsubsection.6.1.1.6}{\376\377\0006\000.\0001\000.\0001\000.\0006\000\040\000s\000e\000t\000R\000e\000a\000r\000L\000e\000f\000t\000W\000h\000e\000e\000l\000D\000i\000r\000e\000c\000t\000i\000o\000n\000T\000o\000F\000o\000r\000w\000a\000r\000d\000\050\000\051}{subsection.6.1.1}% 31
\BOOKMARK [3][-]{subsubsection.6.1.1.7}{\376\377\0006\000.\0001\000.\0001\000.\0007\000\040\000s\000e\000t\000R\000e\000a\000r\000L\000e\000f\000t\000W\000h\000e\000e\000l\000S\000p\000e\000e\000d\000\050\000\051}{subsection.6.1.1}% 32
\BOOKMARK [3][-]{subsubsection.6.1.1.8}{\376\377\0006\000.\0001\000.\0001\000.\0008\000\040\000s\000e\000t\000R\000e\000a\000r\000R\000i\000g\000h\000t\000W\000h\000e\000e\000l\000D\000i\000r\000e\000c\000t\000i\000o\000n\000T\000o\000B\000a\000c\000k\000w\000a\000r\000d\000\050\000\051}{subsection.6.1.1}% 33
\BOOKMARK [3][-]{subsubsection.6.1.1.9}{\376\377\0006\000.\0001\000.\0001\000.\0009\000\040\000s\000e\000t\000R\000e\000a\000r\000R\000i\000g\000h\000t\000W\000h\000e\000e\000l\000D\000i\000r\000e\000c\000t\000i\000o\000n\000T\000o\000F\000o\000r\000w\000a\000r\000d\000\050\000\051}{subsection.6.1.1}% 34
\BOOKMARK [3][-]{subsubsection.6.1.1.10}{\376\377\0006\000.\0001\000.\0001\000.\0001\0000\000\040\000s\000e\000t\000R\000e\000a\000r\000R\000i\000g\000h\000t\000W\000h\000e\000e\000l\000S\000p\000e\000e\000d\000\050\000\051}{subsection.6.1.1}% 35
\BOOKMARK [3][-]{subsubsection.6.1.1.11}{\376\377\0006\000.\0001\000.\0001\000.\0001\0001\000\040\000s\000e\000t\000R\000e\000a\000r\000W\000h\000e\000e\000l\000s\000D\000i\000r\000e\000c\000t\000i\000o\000n\000T\000o\000B\000a\000c\000k\000w\000a\000r\000d\000\050\000\051}{subsection.6.1.1}% 36
\BOOKMARK [3][-]{subsubsection.6.1.1.12}{\376\377\0006\000.\0001\000.\0001\000.\0001\0002\000\040\000s\000e\000t\000R\000e\000a\000r\000W\000h\000e\000e\000l\000s\000D\000i\000r\000e\000c\000t\000i\000o\000n\000T\000o\000F\000o\000r\000w\000a\000r\000d\000\050\000\051}{subsection.6.1.1}% 37
\BOOKMARK [3][-]{subsubsection.6.1.1.13}{\376\377\0006\000.\0001\000.\0001\000.\0001\0003\000\040\000s\000e\000t\000R\000e\000a\000r\000W\000h\000e\000e\000l\000s\000S\000p\000e\000e\000d\000\050\000\051}{subsection.6.1.1}% 38
\BOOKMARK [3][-]{subsubsection.6.1.1.14}{\376\377\0006\000.\0001\000.\0001\000.\0001\0004\000\040\000s\000t\000o\000p\000\050\000\051}{subsection.6.1.1}% 39
\BOOKMARK [3][-]{subsubsection.6.1.1.15}{\376\377\0006\000.\0001\000.\0001\000.\0001\0005\000\040\000t\000e\000r\000m\000i\000n\000a\000t\000e\000\050\000\051}{subsection.6.1.1}% 40
\BOOKMARK [1][-]{section.6.2}{\376\377\0006\000.\0002\000\040\000B\000a\000c\000k\000W\000h\000e\000e\000l\000s\000\040\000C\000l\000a\000s\000s\000\040\000R\000e\000f\000e\000r\000e\000n\000c\000e}{chapter.6}% 41
\BOOKMARK [2][-]{subsection.6.2.1}{\376\377\0006\000.\0002\000.\0001\000\040\000C\000o\000n\000s\000t\000r\000u\000c\000t\000o\000r\000\040\000\046\000\040\000D\000e\000s\000t\000r\000u\000c\000t\000o\000r\000\040\000D\000o\000c\000u\000m\000e\000n\000t\000a\000t\000i\000o\000n}{section.6.2}% 42
\BOOKMARK [3][-]{subsubsection.6.2.1.1}{\376\377\0006\000.\0002\000.\0001\000.\0001\000\040\000B\000a\000c\000k\000W\000h\000e\000e\000l\000s\000\050\000\051}{subsection.6.2.1}% 43
\BOOKMARK [2][-]{subsection.6.2.2}{\376\377\0006\000.\0002\000.\0002\000\040\000M\000e\000m\000b\000e\000r\000\040\000F\000u\000n\000c\000t\000i\000o\000n\000\040\000D\000o\000c\000u\000m\000e\000n\000t\000a\000t\000i\000o\000n}{section.6.2}% 44
\BOOKMARK [3][-]{subsubsection.6.2.2.1}{\376\377\0006\000.\0002\000.\0002\000.\0001\000\040\000b\000a\000c\000k\000w\000a\000r\000d\000\050\000\051}{subsection.6.2.2}% 45
\BOOKMARK [3][-]{subsubsection.6.2.2.2}{\376\377\0006\000.\0002\000.\0002\000.\0002\000\040\000c\000a\000l\000i\000b\000r\000a\000t\000i\000o\000n\000\050\000\051}{subsection.6.2.2}% 46
\BOOKMARK [3][-]{subsubsection.6.2.2.3}{\376\377\0006\000.\0002\000.\0002\000.\0003\000\040\000c\000a\000l\000i\000L\000e\000f\000t\000\050\000\051}{subsection.6.2.2}% 47
\BOOKMARK [3][-]{subsubsection.6.2.2.4}{\376\377\0006\000.\0002\000.\0002\000.\0004\000\040\000c\000a\000l\000i\000O\000K\000\050\000\051}{subsection.6.2.2}% 48
\BOOKMARK [3][-]{subsubsection.6.2.2.5}{\376\377\0006\000.\0002\000.\0002\000.\0005\000\040\000c\000a\000l\000i\000R\000i\000g\000h\000t\000\050\000\051}{subsection.6.2.2}% 49
\BOOKMARK [3][-]{subsubsection.6.2.2.6}{\376\377\0006\000.\0002\000.\0002\000.\0006\000\040\000f\000o\000r\000w\000a\000r\000d\000\050\000\051}{subsection.6.2.2}% 50
\BOOKMARK [3][-]{subsubsection.6.2.2.7}{\376\377\0006\000.\0002\000.\0002\000.\0007\000\040\000g\000e\000t\000S\000p\000e\000e\000d\000\050\000\051}{subsection.6.2.2}% 51
\BOOKMARK [3][-]{subsubsection.6.2.2.8}{\376\377\0006\000.\0002\000.\0002\000.\0008\000\040\000r\000e\000a\000d\000y\000\050\000\051}{subsection.6.2.2}% 52
\BOOKMARK [3][-]{subsubsection.6.2.2.9}{\376\377\0006\000.\0002\000.\0002\000.\0009\000\040\000s\000e\000t\000S\000p\000e\000e\000d\000\050\000\051}{subsection.6.2.2}% 53
\BOOKMARK [3][-]{subsubsection.6.2.2.10}{\376\377\0006\000.\0002\000.\0002\000.\0001\0000\000\040\000s\000t\000o\000p\000\050\000\051}{subsection.6.2.2}% 54
\BOOKMARK [2][-]{subsection.6.2.3}{\376\377\0006\000.\0002\000.\0003\000\040\000M\000e\000m\000b\000e\000r\000\040\000D\000a\000t\000a\000\040\000D\000o\000c\000u\000m\000e\000n\000t\000a\000t\000i\000o\000n}{section.6.2}% 55
\BOOKMARK [3][-]{subsubsection.6.2.3.1}{\376\377\0006\000.\0002\000.\0003\000.\0001\000\040\000c\000a\000l\000i\000\137\000f\000o\000r\000w\000a\000r\000d\000\137\000A}{subsection.6.2.3}% 56
\BOOKMARK [3][-]{subsubsection.6.2.3.2}{\376\377\0006\000.\0002\000.\0003\000.\0002\000\040\000c\000a\000l\000i\000\137\000f\000o\000r\000w\000a\000r\000d\000\137\000B}{subsection.6.2.3}% 57
\BOOKMARK [3][-]{subsubsection.6.2.3.3}{\376\377\0006\000.\0002\000.\0003\000.\0003\000\040\000f\000o\000r\000w\000a\000r\000d\000\137\000A}{subsection.6.2.3}% 58
\BOOKMARK [3][-]{subsubsection.6.2.3.4}{\376\377\0006\000.\0002\000.\0003\000.\0004\000\040\000f\000o\000r\000w\000a\000r\000d\000\137\000B}{subsection.6.2.3}% 59
\BOOKMARK [3][-]{subsubsection.6.2.3.5}{\376\377\0006\000.\0002\000.\0003\000.\0005\000\040\000l\000e\000f\000t\000\137\000w\000h\000e\000e\000l}{subsection.6.2.3}% 60
\BOOKMARK [3][-]{subsubsection.6.2.3.6}{\376\377\0006\000.\0002\000.\0003\000.\0006\000\040\000p\000c\000a\0009\0006\0008\0005}{subsection.6.2.3}% 61
\BOOKMARK [3][-]{subsubsection.6.2.3.7}{\376\377\0006\000.\0002\000.\0003\000.\0007\000\040\000r\000i\000g\000h\000t\000\137\000w\000h\000e\000e\000l}{subsection.6.2.3}% 62
\BOOKMARK [3][-]{subsubsection.6.2.3.8}{\376\377\0006\000.\0002\000.\0003\000.\0008\000\040\000s\000p\000e\000e\000d}{subsection.6.2.3}% 63
\BOOKMARK [1][-]{section.6.3}{\376\377\0006\000.\0003\000\040\000b\000e\000h\000a\000v\000i\000o\000u\000r\000\137\000t\000r\000e\000e\000:\000:\000B\000e\000h\000a\000v\000i\000o\000u\000r\000T\000r\000e\000e\000H\000a\000n\000d\000l\000e\000r\000\040\000C\000l\000a\000s\000s\000\040\000R\000e\000f\000e\000r\000e\000n\000c\000e}{chapter.6}% 64
\BOOKMARK [2][-]{subsection.6.3.1}{\376\377\0006\000.\0003\000.\0001\000\040\000M\000e\000m\000b\000e\000r\000\040\000F\000u\000n\000c\000t\000i\000o\000n\000\040\000D\000o\000c\000u\000m\000e\000n\000t\000a\000t\000i\000o\000n}{section.6.3}% 65
\BOOKMARK [3][-]{subsubsection.6.3.1.1}{\376\377\0006\000.\0003\000.\0001\000.\0001\000\040\000\137\000s\000e\000t\000B\000e\000h\000a\000v\000i\000o\000u\000r\000T\000r\000e\000e\000\050\000\051}{subsection.6.3.1}% 66
\BOOKMARK [3][-]{subsubsection.6.3.1.2}{\376\377\0006\000.\0003\000.\0001\000.\0002\000\040\000g\000e\000t\000N\000a\000m\000e\000\050\000\051}{subsection.6.3.1}% 67
\BOOKMARK [3][-]{subsubsection.6.3.1.3}{\376\377\0006\000.\0003\000.\0001\000.\0003\000\040\000h\000a\000n\000d\000l\000e\000C\000o\000m\000m\000a\000n\000d\000\050\000\051}{subsection.6.3.1}% 68
\BOOKMARK [3][-]{subsubsection.6.3.1.4}{\376\377\0006\000.\0003\000.\0001\000.\0004\000\040\000i\000n\000i\000t\000i\000a\000l\000i\000z\000e\000\050\000\051}{subsection.6.3.1}% 69
\BOOKMARK [3][-]{subsubsection.6.3.1.5}{\376\377\0006\000.\0003\000.\0001\000.\0005\000\040\000s\000e\000t\000B\000e\000h\000a\000v\000i\000o\000u\000r\000T\000r\000e\000e\000\050\000\051}{subsection.6.3.1}% 70
\BOOKMARK [3][-]{subsubsection.6.3.1.6}{\376\377\0006\000.\0003\000.\0001\000.\0006\000\040\000s\000t\000a\000r\000t\000B\000e\000h\000a\000v\000i\000o\000u\000r\000T\000r\000e\000e\000\050\000\051}{subsection.6.3.1}% 71
\BOOKMARK [3][-]{subsubsection.6.3.1.7}{\376\377\0006\000.\0003\000.\0001\000.\0007\000\040\000s\000t\000o\000p\000\050\000\051}{subsection.6.3.1}% 72
\BOOKMARK [3][-]{subsubsection.6.3.1.8}{\376\377\0006\000.\0003\000.\0001\000.\0008\000\040\000s\000t\000o\000p\000B\000e\000h\000a\000v\000i\000o\000u\000r\000T\000r\000e\000e\000\050\000\051}{subsection.6.3.1}% 73
\BOOKMARK [3][-]{subsubsection.6.3.1.9}{\376\377\0006\000.\0003\000.\0001\000.\0009\000\040\000u\000p\000d\000a\000t\000e\000\050\000\051}{subsection.6.3.1}% 74
\BOOKMARK [2][-]{subsection.6.3.2}{\376\377\0006\000.\0003\000.\0002\000\040\000M\000e\000m\000b\000e\000r\000\040\000D\000a\000t\000a\000\040\000D\000o\000c\000u\000m\000e\000n\000t\000a\000t\000i\000o\000n}{section.6.3}% 75
\BOOKMARK [3][-]{subsubsection.6.3.2.1}{\376\377\0006\000.\0003\000.\0002\000.\0001\000\040\000b\000e\000h\000a\000v\000i\000o\000u\000r\000\137\000t\000r\000e\000e}{subsection.6.3.2}% 76
\BOOKMARK [3][-]{subsubsection.6.3.2.2}{\376\377\0006\000.\0003\000.\0002\000.\0002\000\040\000c\000a\000r\000\137\000s\000y\000s\000t\000e\000m}{subsection.6.3.2}% 77
\BOOKMARK [3][-]{subsubsection.6.3.2.3}{\376\377\0006\000.\0003\000.\0002\000.\0003\000\040\000c\000o\000n\000t\000e\000x\000t}{subsection.6.3.2}% 78
\BOOKMARK [3][-]{subsubsection.6.3.2.4}{\376\377\0006\000.\0003\000.\0002\000.\0004\000\040\000l\000a\000s\000t\000\137\000c\000o\000n\000n\000e\000c\000t\000e\000d}{subsection.6.3.2}% 79
\BOOKMARK [3][-]{subsubsection.6.3.2.5}{\376\377\0006\000.\0003\000.\0002\000.\0005\000\040\000t\000i\000c\000k\000\137\000c\000o\000u\000n\000t}{subsection.6.3.2}% 80
\BOOKMARK [1][-]{section.6.4}{\376\377\0006\000.\0004\000\040\000c\000a\000r\000:\000:\000s\000y\000s\000t\000e\000m\000:\000:\000d\000e\000v\000i\000c\000e\000:\000:\000C\000a\000m\000e\000r\000a\000D\000e\000v\000i\000c\000e\000\040\000C\000l\000a\000s\000s\000\040\000R\000e\000f\000e\000r\000e\000n\000c\000e}{chapter.6}% 81
\BOOKMARK [2][-]{subsection.6.4.1}{\376\377\0006\000.\0004\000.\0001\000\040\000C\000o\000n\000s\000t\000r\000u\000c\000t\000o\000r\000\040\000\046\000\040\000D\000e\000s\000t\000r\000u\000c\000t\000o\000r\000\040\000D\000o\000c\000u\000m\000e\000n\000t\000a\000t\000i\000o\000n}{section.6.4}% 82
\BOOKMARK [3][-]{subsubsection.6.4.1.1}{\376\377\0006\000.\0004\000.\0001\000.\0001\000\040\000C\000a\000m\000e\000r\000a\000D\000e\000v\000i\000c\000e\000\050\000\051\000\040\000[\0001\000/\0003\000]}{subsection.6.4.1}% 83
\BOOKMARK [3][-]{subsubsection.6.4.1.2}{\376\377\0006\000.\0004\000.\0001\000.\0002\000\040\000C\000a\000m\000e\000r\000a\000D\000e\000v\000i\000c\000e\000\050\000\051\000\040\000[\0002\000/\0003\000]}{subsection.6.4.1}% 84
\BOOKMARK [3][-]{subsubsection.6.4.1.3}{\376\377\0006\000.\0004\000.\0001\000.\0003\000\040\000C\000a\000m\000e\000r\000a\000D\000e\000v\000i\000c\000e\000\050\000\051\000\040\000[\0003\000/\0003\000]}{subsection.6.4.1}% 85
\BOOKMARK [3][-]{subsubsection.6.4.1.4}{\376\377\0006\000.\0004\000.\0001\000.\0004\000\040\000\040\000C\000a\000m\000e\000r\000a\000D\000e\000v\000i\000c\000e\000\050\000\051}{subsection.6.4.1}% 86
\BOOKMARK [2][-]{subsection.6.4.2}{\376\377\0006\000.\0004\000.\0002\000\040\000M\000e\000m\000b\000e\000r\000\040\000F\000u\000n\000c\000t\000i\000o\000n\000\040\000D\000o\000c\000u\000m\000e\000n\000t\000a\000t\000i\000o\000n}{section.6.4}% 87
\BOOKMARK [3][-]{subsubsection.6.4.2.1}{\376\377\0006\000.\0004\000.\0002\000.\0001\000\040\000c\000r\000e\000a\000t\000e\000\050\000\051}{subsection.6.4.2}% 88
\BOOKMARK [3][-]{subsubsection.6.4.2.2}{\376\377\0006\000.\0004\000.\0002\000.\0002\000\040\000d\000i\000s\000c\000o\000n\000n\000e\000c\000t\000\050\000\051}{subsection.6.4.2}% 89
\BOOKMARK [3][-]{subsubsection.6.4.2.3}{\376\377\0006\000.\0004\000.\0002\000.\0003\000\040\000g\000e\000t\000F\000r\000a\000m\000e\000B\000u\000f\000f\000e\000r\000\050\000\051}{subsection.6.4.2}% 90
\BOOKMARK [3][-]{subsubsection.6.4.2.4}{\376\377\0006\000.\0004\000.\0002\000.\0004\000\040\000o\000p\000e\000r\000a\000t\000o\000r\000=\000\050\000\051\000\040\000[\0001\000/\0002\000]}{subsection.6.4.2}% 91
\BOOKMARK [3][-]{subsubsection.6.4.2.5}{\376\377\0006\000.\0004\000.\0002\000.\0005\000\040\000o\000p\000e\000r\000a\000t\000o\000r\000=\000\050\000\051\000\040\000[\0002\000/\0002\000]}{subsection.6.4.2}% 92
\BOOKMARK [3][-]{subsubsection.6.4.2.6}{\376\377\0006\000.\0004\000.\0002\000.\0006\000\040\000s\000t\000a\000r\000t\000\050\000\051}{subsection.6.4.2}% 93
\BOOKMARK [3][-]{subsubsection.6.4.2.7}{\376\377\0006\000.\0004\000.\0002\000.\0007\000\040\000s\000t\000o\000p\000\050\000\051}{subsection.6.4.2}% 94
\BOOKMARK [3][-]{subsubsection.6.4.2.8}{\376\377\0006\000.\0004\000.\0002\000.\0008\000\040\000t\000e\000r\000m\000i\000n\000a\000t\000e\000\050\000\051}{subsection.6.4.2}% 95
\BOOKMARK [3][-]{subsubsection.6.4.2.9}{\376\377\0006\000.\0004\000.\0002\000.\0009\000\040\000u\000p\000d\000a\000t\000e\000\050\000\051}{subsection.6.4.2}% 96
\BOOKMARK [2][-]{subsection.6.4.3}{\376\377\0006\000.\0004\000.\0003\000\040\000F\000r\000i\000e\000n\000d\000s\000\040\000A\000n\000d\000\040\000R\000e\000l\000a\000t\000e\000d\000\040\000F\000u\000n\000c\000t\000i\000o\000n\000\040\000D\000o\000c\000u\000m\000e\000n\000t\000a\000t\000i\000o\000n}{section.6.4}% 97
\BOOKMARK [3][-]{subsubsection.6.4.3.1}{\376\377\0006\000.\0004\000.\0003\000.\0001\000\040\000D\000e\000v\000i\000c\000e\000M\000a\000n\000a\000g\000e\000r}{subsection.6.4.3}% 98
\BOOKMARK [2][-]{subsection.6.4.4}{\376\377\0006\000.\0004\000.\0004\000\040\000M\000e\000m\000b\000e\000r\000\040\000D\000a\000t\000a\000\040\000D\000o\000c\000u\000m\000e\000n\000t\000a\000t\000i\000o\000n}{section.6.4}% 99
\BOOKMARK [3][-]{subsubsection.6.4.4.1}{\376\377\0006\000.\0004\000.\0004\000.\0001\000\040\000c\000a\000m\000e\000r\000a\000\137}{subsection.6.4.4}% 100
\BOOKMARK [3][-]{subsubsection.6.4.4.2}{\376\377\0006\000.\0004\000.\0004\000.\0002\000\040\000c\000a\000m\000e\000r\000a\000\137\000m\000u\000t\000e\000x\000\137}{subsection.6.4.4}% 101
\BOOKMARK [3][-]{subsubsection.6.4.4.3}{\376\377\0006\000.\0004\000.\0004\000.\0003\000\040\000c\000o\000n\000f\000i\000g\000u\000r\000a\000t\000i\000o\000n}{subsection.6.4.4}% 102
\BOOKMARK [3][-]{subsubsection.6.4.4.4}{\376\377\0006\000.\0004\000.\0004\000.\0004\000\040\000c\000o\000n\000n\000e\000c\000t\000e\000d\000\137}{subsection.6.4.4}% 103
\BOOKMARK [3][-]{subsubsection.6.4.4.5}{\376\377\0006\000.\0004\000.\0004\000.\0005\000\040\000f\000r\000a\000m\000e\000\137\000b\000u\000f\000f\000e\000r\000\137}{subsection.6.4.4}% 104
\BOOKMARK [3][-]{subsubsection.6.4.4.6}{\376\377\0006\000.\0004\000.\0004\000.\0006\000\040\000l\000a\000s\000t}{subsection.6.4.4}% 105
\BOOKMARK [1][-]{section.6.5}{\376\377\0006\000.\0005\000\040\000b\000e\000h\000a\000v\000i\000o\000u\000r\000\137\000t\000r\000e\000e\000:\000:\000C\000a\000r\000C\000o\000n\000t\000e\000x\000t\000\040\000C\000l\000a\000s\000s\000\040\000R\000e\000f\000e\000r\000e\000n\000c\000e}{chapter.6}% 106
\BOOKMARK [2][-]{subsection.6.5.1}{\376\377\0006\000.\0005\000.\0001\000\040\000C\000o\000n\000s\000t\000r\000u\000c\000t\000o\000r\000\040\000\046\000\040\000D\000e\000s\000t\000r\000u\000c\000t\000o\000r\000\040\000D\000o\000c\000u\000m\000e\000n\000t\000a\000t\000i\000o\000n}{section.6.5}% 107
\BOOKMARK [3][-]{subsubsection.6.5.1.1}{\376\377\0006\000.\0005\000.\0001\000.\0001\000\040\000C\000a\000r\000C\000o\000n\000t\000e\000x\000t\000\050\000\051}{subsection.6.5.1}% 108
\BOOKMARK [2][-]{subsection.6.5.2}{\376\377\0006\000.\0005\000.\0002\000\040\000M\000e\000m\000b\000e\000r\000\040\000F\000u\000n\000c\000t\000i\000o\000n\000\040\000D\000o\000c\000u\000m\000e\000n\000t\000a\000t\000i\000o\000n}{section.6.5}% 109
\BOOKMARK [3][-]{subsubsection.6.5.2.1}{\376\377\0006\000.\0005\000.\0002\000.\0001\000\040\000\137\000\050\000\051}{subsection.6.5.2}% 110
\BOOKMARK [3][-]{subsubsection.6.5.2.2}{\376\377\0006\000.\0005\000.\0002\000.\0002\000\040\000g\000e\000t\000C\000a\000r\000S\000y\000s\000t\000e\000m\000\050\000\051}{subsection.6.5.2}% 111
\BOOKMARK [2][-]{subsection.6.5.3}{\376\377\0006\000.\0005\000.\0003\000\040\000M\000e\000m\000b\000e\000r\000\040\000D\000a\000t\000a\000\040\000D\000o\000c\000u\000m\000e\000n\000t\000a\000t\000i\000o\000n}{section.6.5}% 112
\BOOKMARK [3][-]{subsubsection.6.5.3.1}{\376\377\0006\000.\0005\000.\0003\000.\0001\000\040\000c\000a\000r\000\137\000s\000y\000s\000t\000e\000m}{subsection.6.5.3}% 113
\BOOKMARK [1][-]{section.6.6}{\376\377\0006\000.\0006\000\040\000c\000a\000r\000:\000:\000s\000y\000s\000t\000e\000m\000:\000:\000C\000a\000r\000S\000y\000s\000t\000e\000m\000\040\000C\000l\000a\000s\000s\000\040\000R\000e\000f\000e\000r\000e\000n\000c\000e}{chapter.6}% 114
\BOOKMARK [2][-]{subsection.6.6.1}{\376\377\0006\000.\0006\000.\0001\000\040\000C\000o\000n\000s\000t\000r\000u\000c\000t\000o\000r\000\040\000\046\000\040\000D\000e\000s\000t\000r\000u\000c\000t\000o\000r\000\040\000D\000o\000c\000u\000m\000e\000n\000t\000a\000t\000i\000o\000n}{section.6.6}% 115
\BOOKMARK [3][-]{subsubsection.6.6.1.1}{\376\377\0006\000.\0006\000.\0001\000.\0001\000\040\000C\000a\000r\000S\000y\000s\000t\000e\000m\000\050\000\051}{subsection.6.6.1}% 116
\BOOKMARK [2][-]{subsection.6.6.2}{\376\377\0006\000.\0006\000.\0002\000\040\000M\000e\000m\000b\000e\000r\000\040\000F\000u\000n\000c\000t\000i\000o\000n\000\040\000D\000o\000c\000u\000m\000e\000n\000t\000a\000t\000i\000o\000n}{section.6.6}% 117
\BOOKMARK [3][-]{subsubsection.6.6.2.1}{\376\377\0006\000.\0006\000.\0002\000.\0001\000\040\000d\000i\000s\000c\000o\000n\000n\000e\000c\000t\000\050\000\051}{subsection.6.6.2}% 118
\BOOKMARK [3][-]{subsubsection.6.6.2.2}{\376\377\0006\000.\0006\000.\0002\000.\0002\000\040\000g\000e\000t\000C\000o\000n\000f\000i\000g\000u\000r\000a\000t\000i\000o\000n\000\050\000\051}{subsection.6.6.2}% 119
\BOOKMARK [3][-]{subsubsection.6.6.2.3}{\376\377\0006\000.\0006\000.\0002\000.\0003\000\040\000g\000e\000t\000D\000e\000v\000i\000c\000e\000M\000a\000n\000a\000g\000e\000r\000\050\000\051}{subsection.6.6.2}% 120
\BOOKMARK [3][-]{subsubsection.6.6.2.4}{\376\377\0006\000.\0006\000.\0002\000.\0004\000\040\000g\000e\000t\000M\000e\000s\000s\000a\000g\000i\000n\000g\000S\000y\000s\000t\000e\000m\000\050\000\051}{subsection.6.6.2}% 121
\BOOKMARK [3][-]{subsubsection.6.6.2.5}{\376\377\0006\000.\0006\000.\0002\000.\0005\000\040\000g\000e\000t\000M\000o\000v\000e\000m\000e\000n\000t\000S\000y\000s\000t\000e\000m\000\050\000\051}{subsection.6.6.2}% 122
\BOOKMARK [3][-]{subsubsection.6.6.2.6}{\376\377\0006\000.\0006\000.\0002\000.\0006\000\040\000g\000e\000t\000P\000l\000u\000g\000i\000n\000\050\000\051}{subsection.6.6.2}% 123
\BOOKMARK [3][-]{subsubsection.6.6.2.7}{\376\377\0006\000.\0006\000.\0002\000.\0007\000\040\000i\000n\000i\000t\000i\000a\000l\000i\000z\000e\000\050\000\051}{subsection.6.6.2}% 124
\BOOKMARK [3][-]{subsubsection.6.6.2.8}{\376\377\0006\000.\0006\000.\0002\000.\0008\000\040\000r\000e\000l\000o\000a\000d\000\050\000\051}{subsection.6.6.2}% 125
\BOOKMARK [3][-]{subsubsection.6.6.2.9}{\376\377\0006\000.\0006\000.\0002\000.\0009\000\040\000s\000e\000n\000d\000D\000a\000t\000a\000\050\000\051}{subsection.6.6.2}% 126
\BOOKMARK [3][-]{subsubsection.6.6.2.10}{\376\377\0006\000.\0006\000.\0002\000.\0001\0000\000\040\000s\000e\000t\000C\000o\000n\000f\000i\000g\000u\000r\000a\000t\000i\000o\000n\000\050\000\051}{subsection.6.6.2}% 127
\BOOKMARK [3][-]{subsubsection.6.6.2.11}{\376\377\0006\000.\0006\000.\0002\000.\0001\0001\000\040\000s\000t\000a\000r\000t\000\050\000\051}{subsection.6.6.2}% 128
\BOOKMARK [3][-]{subsubsection.6.6.2.12}{\376\377\0006\000.\0006\000.\0002\000.\0001\0002\000\040\000s\000t\000o\000p\000\050\000\051}{subsection.6.6.2}% 129
\BOOKMARK [3][-]{subsubsection.6.6.2.13}{\376\377\0006\000.\0006\000.\0002\000.\0001\0003\000\040\000t\000e\000r\000m\000i\000n\000a\000t\000e\000\050\000\051}{subsection.6.6.2}% 130
\BOOKMARK [3][-]{subsubsection.6.6.2.14}{\376\377\0006\000.\0006\000.\0002\000.\0001\0004\000\040\000t\000r\000y\000C\000o\000n\000n\000e\000c\000t\000\050\000\051}{subsection.6.6.2}% 131
\BOOKMARK [3][-]{subsubsection.6.6.2.15}{\376\377\0006\000.\0006\000.\0002\000.\0001\0005\000\040\000u\000p\000d\000a\000t\000e\000\050\000\051}{subsection.6.6.2}% 132
\BOOKMARK [2][-]{subsection.6.6.3}{\376\377\0006\000.\0006\000.\0003\000\040\000M\000e\000m\000b\000e\000r\000\040\000D\000a\000t\000a\000\040\000D\000o\000c\000u\000m\000e\000n\000t\000a\000t\000i\000o\000n}{section.6.6}% 133
\BOOKMARK [3][-]{subsubsection.6.6.3.1}{\376\377\0006\000.\0006\000.\0003\000.\0001\000\040\000c\000o\000n\000f\000i\000g\000u\000r\000a\000t\000i\000o\000n\000\137}{subsection.6.6.3}% 134
\BOOKMARK [3][-]{subsubsection.6.6.3.2}{\376\377\0006\000.\0006\000.\0003\000.\0002\000\040\000d\000e\000v\000i\000c\000e\000\137\000m\000a\000n\000a\000g\000e\000r\000\137}{subsection.6.6.3}% 135
\BOOKMARK [3][-]{subsubsection.6.6.3.3}{\376\377\0006\000.\0006\000.\0003\000.\0003\000\040\000i\000n\000i\000t\000i\000a\000l\000i\000z\000e\000d}{subsection.6.6.3}% 136
\BOOKMARK [3][-]{subsubsection.6.6.3.4}{\376\377\0006\000.\0006\000.\0003\000.\0004\000\040\000m\000e\000s\000s\000a\000g\000i\000n\000g\000\137\000s\000y\000s\000t\000e\000m\000\137}{subsection.6.6.3}% 137
\BOOKMARK [3][-]{subsubsection.6.6.3.5}{\376\377\0006\000.\0006\000.\0003\000.\0005\000\040\000m\000o\000v\000e\000m\000e\000n\000t\000\137\000s\000y\000s\000t\000e\000m\000\137}{subsection.6.6.3}% 138
\BOOKMARK [3][-]{subsubsection.6.6.3.6}{\376\377\0006\000.\0006\000.\0003\000.\0006\000\040\000p\000l\000u\000g\000i\000n\000\137\000m\000a\000n\000a\000g\000e\000r\000\137}{subsection.6.6.3}% 139
\BOOKMARK [3][-]{subsubsection.6.6.3.7}{\376\377\0006\000.\0006\000.\0003\000.\0007\000\040\000s\000t\000a\000r\000t\000e\000d}{subsection.6.6.3}% 140
\BOOKMARK [1][-]{section.6.7}{\376\377\0006\000.\0007\000\040\000c\000a\000r\000:\000:\000c\000o\000n\000f\000i\000g\000u\000r\000a\000t\000i\000o\000n\000:\000:\000C\000o\000n\000f\000i\000g\000u\000r\000a\000t\000i\000o\000n\000\040\000S\000t\000r\000u\000c\000t\000\040\000R\000e\000f\000e\000r\000e\000n\000c\000e}{chapter.6}% 141
\BOOKMARK [2][-]{subsection.6.7.1}{\376\377\0006\000.\0007\000.\0001\000\040\000M\000e\000m\000b\000e\000r\000\040\000F\000u\000n\000c\000t\000i\000o\000n\000\040\000D\000o\000c\000u\000m\000e\000n\000t\000a\000t\000i\000o\000n}{section.6.7}% 142
\BOOKMARK [3][-]{subsubsection.6.7.1.1}{\376\377\0006\000.\0007\000.\0001\000.\0001\000\040\000g\000e\000t\000C\000a\000m\000e\000r\000a\000F\000p\000s\000I\000n\000t\000e\000r\000v\000a\000l\000\050\000\051}{subsection.6.7.1}% 143
\BOOKMARK [3][-]{subsubsection.6.7.1.2}{\376\377\0006\000.\0007\000.\0001\000.\0002\000\040\000s\000e\000t\000C\000a\000m\000e\000r\000a\000F\000p\000s\000\050\000\051}{subsection.6.7.1}% 144
\BOOKMARK [2][-]{subsection.6.7.2}{\376\377\0006\000.\0007\000.\0002\000\040\000M\000e\000m\000b\000e\000r\000\040\000D\000a\000t\000a\000\040\000D\000o\000c\000u\000m\000e\000n\000t\000a\000t\000i\000o\000n}{section.6.7}% 145
\BOOKMARK [3][-]{subsubsection.6.7.2.1}{\376\377\0006\000.\0007\000.\0002\000.\0001\000\040\000b\000e\000h\000a\000v\000i\000o\000u\000r\000\137\000t\000r\000e\000e\000\137\000u\000p\000d\000a\000t\000e\000\137\000m\000s\000\137\000i\000n\000t\000e\000r\000v\000a\000l}{subsection.6.7.2}% 146
\BOOKMARK [3][-]{subsubsection.6.7.2.2}{\376\377\0006\000.\0007\000.\0002\000.\0002\000\040\000c\000a\000m\000e\000r\000a\000\137\000f\000p\000s}{subsection.6.7.2}% 147
\BOOKMARK [3][-]{subsubsection.6.7.2.3}{\376\377\0006\000.\0007\000.\0002\000.\0003\000\040\000c\000a\000m\000e\000r\000a\000\137\000f\000p\000s\000\137\000i\000n\000t\000e\000r\000v\000a\000l}{subsection.6.7.2}% 148
\BOOKMARK [3][-]{subsubsection.6.7.2.4}{\376\377\0006\000.\0007\000.\0002\000.\0004\000\040\000c\000a\000m\000e\000r\000a\000\137\000i\000n\000d\000e\000x}{subsection.6.7.2}% 149
\BOOKMARK [3][-]{subsubsection.6.7.2.5}{\376\377\0006\000.\0007\000.\0002\000.\0005\000\040\000h\000o\000s\000t}{subsection.6.7.2}% 150
\BOOKMARK [3][-]{subsubsection.6.7.2.6}{\376\377\0006\000.\0007\000.\0002\000.\0006\000\040\000l\000i\000d\000a\000r\000\137\000p\000o\000r\000t}{subsection.6.7.2}% 151
\BOOKMARK [3][-]{subsubsection.6.7.2.7}{\376\377\0006\000.\0007\000.\0002\000.\0007\000\040\000u\000s\000e\000\137\000c\000a\000m\000e\000r\000a}{subsection.6.7.2}% 152
\BOOKMARK [3][-]{subsubsection.6.7.2.8}{\376\377\0006\000.\0007\000.\0002\000.\0008\000\040\000u\000s\000e\000\137\000l\000i\000d\000a\000r}{subsection.6.7.2}% 153
\BOOKMARK [1][-]{section.6.8}{\376\377\0006\000.\0008\000\040\000c\000a\000r\000:\000:\000s\000y\000s\000t\000e\000m\000:\000:\000d\000e\000v\000i\000c\000e\000:\000:\000D\000e\000v\000i\000c\000e\000M\000a\000n\000a\000g\000e\000r\000\040\000C\000l\000a\000s\000s\000\040\000R\000e\000f\000e\000r\000e\000n\000c\000e}{chapter.6}% 154
\BOOKMARK [2][-]{subsection.6.8.1}{\376\377\0006\000.\0008\000.\0001\000\040\000C\000o\000n\000s\000t\000r\000u\000c\000t\000o\000r\000\040\000\046\000\040\000D\000e\000s\000t\000r\000u\000c\000t\000o\000r\000\040\000D\000o\000c\000u\000m\000e\000n\000t\000a\000t\000i\000o\000n}{section.6.8}% 155
\BOOKMARK [3][-]{subsubsection.6.8.1.1}{\376\377\0006\000.\0008\000.\0001\000.\0001\000\040\000D\000e\000v\000i\000c\000e\000M\000a\000n\000a\000g\000e\000r\000\050\000\051}{subsection.6.8.1}% 156
\BOOKMARK [2][-]{subsection.6.8.2}{\376\377\0006\000.\0008\000.\0002\000\040\000M\000e\000m\000b\000e\000r\000\040\000F\000u\000n\000c\000t\000i\000o\000n\000\040\000D\000o\000c\000u\000m\000e\000n\000t\000a\000t\000i\000o\000n}{section.6.8}% 157
\BOOKMARK [3][-]{subsubsection.6.8.2.1}{\376\377\0006\000.\0008\000.\0002\000.\0001\000\040\000c\000r\000e\000a\000t\000e\000\050\000\051}{subsection.6.8.2}% 158
\BOOKMARK [3][-]{subsubsection.6.8.2.2}{\376\377\0006\000.\0008\000.\0002\000.\0002\000\040\000g\000e\000t\000C\000a\000m\000e\000r\000a\000D\000e\000v\000i\000c\000e\000\050\000\051}{subsection.6.8.2}% 159
\BOOKMARK [3][-]{subsubsection.6.8.2.3}{\376\377\0006\000.\0008\000.\0002\000.\0003\000\040\000g\000e\000t\000L\000i\000d\000a\000r\000D\000e\000v\000i\000c\000e\000\050\000\051}{subsection.6.8.2}% 160
\BOOKMARK [3][-]{subsubsection.6.8.2.4}{\376\377\0006\000.\0008\000.\0002\000.\0004\000\040\000i\000n\000i\000t\000i\000a\000l\000i\000z\000e\000\050\000\051}{subsection.6.8.2}% 161
\BOOKMARK [3][-]{subsubsection.6.8.2.5}{\376\377\0006\000.\0008\000.\0002\000.\0005\000\040\000i\000s\000R\000u\000n\000n\000i\000n\000g\000\050\000\051}{subsection.6.8.2}% 162
\BOOKMARK [3][-]{subsubsection.6.8.2.6}{\376\377\0006\000.\0008\000.\0002\000.\0006\000\040\000s\000t\000a\000r\000t\000\050\000\051}{subsection.6.8.2}% 163
\BOOKMARK [3][-]{subsubsection.6.8.2.7}{\376\377\0006\000.\0008\000.\0002\000.\0007\000\040\000s\000t\000o\000p\000\050\000\051}{subsection.6.8.2}% 164
\BOOKMARK [3][-]{subsubsection.6.8.2.8}{\376\377\0006\000.\0008\000.\0002\000.\0008\000\040\000t\000e\000r\000m\000i\000n\000a\000t\000e\000\050\000\051}{subsection.6.8.2}% 165
\BOOKMARK [3][-]{subsubsection.6.8.2.9}{\376\377\0006\000.\0008\000.\0002\000.\0009\000\040\000u\000p\000d\000a\000t\000e\000\050\000\051}{subsection.6.8.2}% 166
\BOOKMARK [2][-]{subsection.6.8.3}{\376\377\0006\000.\0008\000.\0003\000\040\000M\000e\000m\000b\000e\000r\000\040\000D\000a\000t\000a\000\040\000D\000o\000c\000u\000m\000e\000n\000t\000a\000t\000i\000o\000n}{section.6.8}% 167
\BOOKMARK [3][-]{subsubsection.6.8.3.1}{\376\377\0006\000.\0008\000.\0003\000.\0001\000\040\000c\000a\000m\000e\000r\000a\000\137\000d\000e\000v\000i\000c\000e\000\137}{subsection.6.8.3}% 168
\BOOKMARK [3][-]{subsubsection.6.8.3.2}{\376\377\0006\000.\0008\000.\0003\000.\0002\000\040\000c\000a\000r\000\137\000s\000y\000s\000t\000e\000m}{subsection.6.8.3}% 169
\BOOKMARK [3][-]{subsubsection.6.8.3.3}{\376\377\0006\000.\0008\000.\0003\000.\0003\000\040\000i\000s\000\137\000i\000n\000i\000t\000i\000a\000l\000i\000z\000e\000d\000\137}{subsection.6.8.3}% 170
\BOOKMARK [3][-]{subsubsection.6.8.3.4}{\376\377\0006\000.\0008\000.\0003\000.\0004\000\040\000i\000s\000\137\000r\000u\000n\000n\000i\000n\000g\000\137}{subsection.6.8.3}% 171
\BOOKMARK [3][-]{subsubsection.6.8.3.5}{\376\377\0006\000.\0008\000.\0003\000.\0005\000\040\000l\000i\000d\000a\000r\000\137\000d\000e\000v\000i\000c\000e\000\137}{subsection.6.8.3}% 172
\BOOKMARK [1][-]{section.6.9}{\376\377\0006\000.\0009\000\040\000c\000a\000r\000:\000:\000s\000y\000s\000t\000e\000m\000:\000:\000m\000o\000v\000e\000m\000e\000n\000t\000:\000:\000c\000o\000n\000t\000r\000o\000l\000l\000e\000r\000:\000:\000D\000u\000m\000m\000y\000M\000o\000v\000e\000m\000e\000n\000t\000C\000o\000n\000t\000r\000o\000l\000l\000e\000r\000\040\000C\000l\000a\000s\000s\000\040\000R\000e\000f\000e\000r\000e\000n\000c\000e}{chapter.6}% 173
\BOOKMARK [2][-]{subsection.6.9.1}{\376\377\0006\000.\0009\000.\0001\000\040\000M\000e\000m\000b\000e\000r\000\040\000F\000u\000n\000c\000t\000i\000o\000n\000\040\000D\000o\000c\000u\000m\000e\000n\000t\000a\000t\000i\000o\000n}{section.6.9}% 174
\BOOKMARK [3][-]{subsubsection.6.9.1.1}{\376\377\0006\000.\0009\000.\0001\000.\0001\000\040\000i\000n\000i\000t\000i\000a\000l\000i\000z\000e\000\050\000\051}{subsection.6.9.1}% 175
\BOOKMARK [3][-]{subsubsection.6.9.1.2}{\376\377\0006\000.\0009\000.\0001\000.\0002\000\040\000s\000e\000t\000C\000a\000m\000e\000r\000a\000S\000e\000r\000v\000o\0001\000A\000n\000g\000l\000e\000\050\000\051}{subsection.6.9.1}% 176
\BOOKMARK [3][-]{subsubsection.6.9.1.3}{\376\377\0006\000.\0009\000.\0001\000.\0003\000\040\000s\000e\000t\000C\000a\000m\000e\000r\000a\000S\000e\000r\000v\000o\0002\000A\000n\000g\000l\000e\000\050\000\051}{subsection.6.9.1}% 177
\BOOKMARK [3][-]{subsubsection.6.9.1.4}{\376\377\0006\000.\0009\000.\0001\000.\0004\000\040\000s\000e\000t\000F\000r\000o\000n\000t\000W\000h\000e\000e\000l\000s\000A\000n\000g\000l\000e\000\050\000\051}{subsection.6.9.1}% 178
\BOOKMARK [3][-]{subsubsection.6.9.1.5}{\376\377\0006\000.\0009\000.\0001\000.\0005\000\040\000s\000e\000t\000R\000e\000a\000r\000L\000e\000f\000t\000W\000h\000e\000e\000l\000D\000i\000r\000e\000c\000t\000i\000o\000n\000T\000o\000B\000a\000c\000k\000w\000a\000r\000d\000\050\000\051}{subsection.6.9.1}% 179
\BOOKMARK [3][-]{subsubsection.6.9.1.6}{\376\377\0006\000.\0009\000.\0001\000.\0006\000\040\000s\000e\000t\000R\000e\000a\000r\000L\000e\000f\000t\000W\000h\000e\000e\000l\000D\000i\000r\000e\000c\000t\000i\000o\000n\000T\000o\000F\000o\000r\000w\000a\000r\000d\000\050\000\051}{subsection.6.9.1}% 180
\BOOKMARK [3][-]{subsubsection.6.9.1.7}{\376\377\0006\000.\0009\000.\0001\000.\0007\000\040\000s\000e\000t\000R\000e\000a\000r\000L\000e\000f\000t\000W\000h\000e\000e\000l\000S\000p\000e\000e\000d\000\050\000\051}{subsection.6.9.1}% 181
\BOOKMARK [3][-]{subsubsection.6.9.1.8}{\376\377\0006\000.\0009\000.\0001\000.\0008\000\040\000s\000e\000t\000R\000e\000a\000r\000R\000i\000g\000h\000t\000W\000h\000e\000e\000l\000D\000i\000r\000e\000c\000t\000i\000o\000n\000T\000o\000B\000a\000c\000k\000w\000a\000r\000d\000\050\000\051}{subsection.6.9.1}% 182
\BOOKMARK [3][-]{subsubsection.6.9.1.9}{\376\377\0006\000.\0009\000.\0001\000.\0009\000\040\000s\000e\000t\000R\000e\000a\000r\000R\000i\000g\000h\000t\000W\000h\000e\000e\000l\000D\000i\000r\000e\000c\000t\000i\000o\000n\000T\000o\000F\000o\000r\000w\000a\000r\000d\000\050\000\051}{subsection.6.9.1}% 183
\BOOKMARK [3][-]{subsubsection.6.9.1.10}{\376\377\0006\000.\0009\000.\0001\000.\0001\0000\000\040\000s\000e\000t\000R\000e\000a\000r\000R\000i\000g\000h\000t\000W\000h\000e\000e\000l\000S\000p\000e\000e\000d\000\050\000\051}{subsection.6.9.1}% 184
\BOOKMARK [3][-]{subsubsection.6.9.1.11}{\376\377\0006\000.\0009\000.\0001\000.\0001\0001\000\040\000s\000e\000t\000R\000e\000a\000r\000W\000h\000e\000e\000l\000s\000D\000i\000r\000e\000c\000t\000i\000o\000n\000T\000o\000B\000a\000c\000k\000w\000a\000r\000d\000\050\000\051}{subsection.6.9.1}% 185
\BOOKMARK [3][-]{subsubsection.6.9.1.12}{\376\377\0006\000.\0009\000.\0001\000.\0001\0002\000\040\000s\000e\000t\000R\000e\000a\000r\000W\000h\000e\000e\000l\000s\000D\000i\000r\000e\000c\000t\000i\000o\000n\000T\000o\000F\000o\000r\000w\000a\000r\000d\000\050\000\051}{subsection.6.9.1}% 186
\BOOKMARK [3][-]{subsubsection.6.9.1.13}{\376\377\0006\000.\0009\000.\0001\000.\0001\0003\000\040\000s\000e\000t\000R\000e\000a\000r\000W\000h\000e\000e\000l\000s\000S\000p\000e\000e\000d\000\050\000\051}{subsection.6.9.1}% 187
\BOOKMARK [3][-]{subsubsection.6.9.1.14}{\376\377\0006\000.\0009\000.\0001\000.\0001\0004\000\040\000s\000t\000o\000p\000\050\000\051}{subsection.6.9.1}% 188
\BOOKMARK [3][-]{subsubsection.6.9.1.15}{\376\377\0006\000.\0009\000.\0001\000.\0001\0005\000\040\000t\000e\000r\000m\000i\000n\000a\000t\000e\000\050\000\051}{subsection.6.9.1}% 189
\BOOKMARK [1][-]{section.6.10}{\376\377\0006\000.\0001\0000\000\040\000c\000a\000r\000:\000:\000s\000y\000s\000t\000e\000m\000:\000:\000m\000e\000s\000s\000a\000g\000i\000n\000g\000:\000:\000M\000e\000s\000s\000a\000g\000i\000n\000g\000S\000y\000s\000t\000e\000m\000:\000:\000F\000i\000r\000s\000t\000M\000e\000s\000s\000a\000g\000e\000S\000t\000r\000u\000c\000t\000\040\000S\000t\000r\000u\000c\000t\000\040\000R\000e\000f\000e\000r\000e\000n\000c\000e}{chapter.6}% 190
\BOOKMARK [2][-]{subsection.6.10.1}{\376\377\0006\000.\0001\0000\000.\0001\000\040\000M\000e\000m\000b\000e\000r\000\040\000D\000a\000t\000a\000\040\000D\000o\000c\000u\000m\000e\000n\000t\000a\000t\000i\000o\000n}{section.6.10}% 191
\BOOKMARK [3][-]{subsubsection.6.10.1.1}{\376\377\0006\000.\0001\0000\000.\0001\000.\0001\000\040\000c\000o\000n\000d\000i\000t\000i\000o\000n}{subsection.6.10.1}% 192
\BOOKMARK [3][-]{subsubsection.6.10.1.2}{\376\377\0006\000.\0001\0000\000.\0001\000.\0002\000\040\000e\000r\000r\000o\000r\000\137\000m\000e\000s\000s\000a\000g\000e}{subsection.6.10.1}% 193
\BOOKMARK [3][-]{subsubsection.6.10.1.3}{\376\377\0006\000.\0001\0000\000.\0001\000.\0003\000\040\000u\000u\000i\000d}{subsection.6.10.1}% 194
\BOOKMARK [1][-]{section.6.11}{\376\377\0006\000.\0001\0001\000\040\000c\000a\000r\000:\000:\000s\000y\000s\000t\000e\000m\000:\000:\000d\000e\000v\000i\000c\000e\000:\000:\000l\000i\000d\000a\000r\000:\000:\000L\000i\000d\000a\000r\000D\000e\000v\000i\000c\000e\000\040\000C\000l\000a\000s\000s\000\040\000R\000e\000f\000e\000r\000e\000n\000c\000e}{chapter.6}% 195
\BOOKMARK [2][-]{subsection.6.11.1}{\376\377\0006\000.\0001\0001\000.\0001\000\040\000M\000e\000m\000b\000e\000r\000\040\000F\000u\000n\000c\000t\000i\000o\000n\000\040\000D\000o\000c\000u\000m\000e\000n\000t\000a\000t\000i\000o\000n}{section.6.11}% 196
\BOOKMARK [3][-]{subsubsection.6.11.1.1}{\376\377\0006\000.\0001\0001\000.\0001\000.\0001\000\040\000d\000i\000s\000c\000o\000n\000n\000e\000c\000t\000\050\000\051}{subsection.6.11.1}% 197
\BOOKMARK [3][-]{subsubsection.6.11.1.2}{\376\377\0006\000.\0001\0001\000.\0001\000.\0002\000\040\000g\000e\000t\000S\000c\000a\000n\000D\000a\000t\000a\000\050\000\051}{subsection.6.11.1}% 198
\BOOKMARK [3][-]{subsubsection.6.11.1.3}{\376\377\0006\000.\0001\0001\000.\0001\000.\0003\000\040\000i\000n\000i\000t\000i\000a\000l\000i\000z\000e\000\050\000\051}{subsection.6.11.1}% 199
\BOOKMARK [3][-]{subsubsection.6.11.1.4}{\376\377\0006\000.\0001\0001\000.\0001\000.\0004\000\040\000s\000e\000t\000S\000c\000a\000n\000D\000a\000t\000a\000\050\000\051}{subsection.6.11.1}% 200
\BOOKMARK [3][-]{subsubsection.6.11.1.5}{\376\377\0006\000.\0001\0001\000.\0001\000.\0005\000\040\000s\000t\000a\000r\000t\000\050\000\051}{subsection.6.11.1}% 201
\BOOKMARK [3][-]{subsubsection.6.11.1.6}{\376\377\0006\000.\0001\0001\000.\0001\000.\0006\000\040\000s\000t\000o\000p\000\050\000\051}{subsection.6.11.1}% 202
\BOOKMARK [3][-]{subsubsection.6.11.1.7}{\376\377\0006\000.\0001\0001\000.\0001\000.\0007\000\040\000t\000e\000r\000m\000i\000n\000a\000t\000e\000\050\000\051}{subsection.6.11.1}% 203
\BOOKMARK [3][-]{subsubsection.6.11.1.8}{\376\377\0006\000.\0001\0001\000.\0001\000.\0008\000\040\000u\000p\000d\000a\000t\000e\000\050\000\051}{subsection.6.11.1}% 204
\BOOKMARK [2][-]{subsection.6.11.2}{\376\377\0006\000.\0001\0001\000.\0002\000\040\000F\000r\000i\000e\000n\000d\000s\000\040\000A\000n\000d\000\040\000R\000e\000l\000a\000t\000e\000d\000\040\000F\000u\000n\000c\000t\000i\000o\000n\000\040\000D\000o\000c\000u\000m\000e\000n\000t\000a\000t\000i\000o\000n}{section.6.11}% 205
\BOOKMARK [3][-]{subsubsection.6.11.2.1}{\376\377\0006\000.\0001\0001\000.\0002\000.\0001\000\040\000D\000e\000v\000i\000c\000e\000M\000a\000n\000a\000g\000e\000r}{subsection.6.11.2}% 206
\BOOKMARK [2][-]{subsection.6.11.3}{\376\377\0006\000.\0001\0001\000.\0003\000\040\000M\000e\000m\000b\000e\000r\000\040\000D\000a\000t\000a\000\040\000D\000o\000c\000u\000m\000e\000n\000t\000a\000t\000i\000o\000n}{section.6.11}% 207
\BOOKMARK [3][-]{subsubsection.6.11.3.1}{\376\377\0006\000.\0001\0001\000.\0003\000.\0001\000\040\000s\000c\000a\000n\000\137\000d\000a\000t\000a\000\137}{subsection.6.11.3}% 208
\BOOKMARK [1][-]{section.6.12}{\376\377\0006\000.\0001\0002\000\040\000c\000a\000r\000:\000:\000s\000y\000s\000t\000e\000m\000:\000:\000d\000e\000v\000i\000c\000e\000:\000:\000l\000i\000d\000a\000r\000:\000:\000L\000i\000d\000a\000r\000D\000u\000m\000m\000y\000\040\000C\000l\000a\000s\000s\000\040\000R\000e\000f\000e\000r\000e\000n\000c\000e}{chapter.6}% 209
\BOOKMARK [2][-]{subsection.6.12.1}{\376\377\0006\000.\0001\0002\000.\0001\000\040\000C\000o\000n\000s\000t\000r\000u\000c\000t\000o\000r\000\040\000\046\000\040\000D\000e\000s\000t\000r\000u\000c\000t\000o\000r\000\040\000D\000o\000c\000u\000m\000e\000n\000t\000a\000t\000i\000o\000n}{section.6.12}% 210
\BOOKMARK [3][-]{subsubsection.6.12.1.1}{\376\377\0006\000.\0001\0002\000.\0001\000.\0001\000\040\000L\000i\000d\000a\000r\000D\000u\000m\000m\000y\000\050\000\051}{subsection.6.12.1}% 211
\BOOKMARK [2][-]{subsection.6.12.2}{\376\377\0006\000.\0001\0002\000.\0002\000\040\000M\000e\000m\000b\000e\000r\000\040\000F\000u\000n\000c\000t\000i\000o\000n\000\040\000D\000o\000c\000u\000m\000e\000n\000t\000a\000t\000i\000o\000n}{section.6.12}% 212
\BOOKMARK [3][-]{subsubsection.6.12.2.1}{\376\377\0006\000.\0001\0002\000.\0002\000.\0001\000\040\000d\000i\000s\000c\000o\000n\000n\000e\000c\000t\000\050\000\051}{subsection.6.12.2}% 213
\BOOKMARK [3][-]{subsubsection.6.12.2.2}{\376\377\0006\000.\0001\0002\000.\0002\000.\0002\000\040\000i\000n\000i\000t\000i\000a\000l\000i\000z\000e\000\050\000\051}{subsection.6.12.2}% 214
\BOOKMARK [3][-]{subsubsection.6.12.2.3}{\376\377\0006\000.\0001\0002\000.\0002\000.\0003\000\040\000s\000t\000a\000r\000t\000\050\000\051}{subsection.6.12.2}% 215
\BOOKMARK [3][-]{subsubsection.6.12.2.4}{\376\377\0006\000.\0001\0002\000.\0002\000.\0004\000\040\000s\000t\000o\000p\000\050\000\051}{subsection.6.12.2}% 216
\BOOKMARK [3][-]{subsubsection.6.12.2.5}{\376\377\0006\000.\0001\0002\000.\0002\000.\0005\000\040\000t\000e\000r\000m\000i\000n\000a\000t\000e\000\050\000\051}{subsection.6.12.2}% 217
\BOOKMARK [3][-]{subsubsection.6.12.2.6}{\376\377\0006\000.\0001\0002\000.\0002\000.\0006\000\040\000u\000p\000d\000a\000t\000e\000\050\000\051}{subsection.6.12.2}% 218
\BOOKMARK [1][-]{section.6.13}{\376\377\0006\000.\0001\0003\000\040\000c\000a\000r\000:\000:\000s\000y\000s\000t\000e\000m\000:\000:\000d\000e\000v\000i\000c\000e\000:\000:\000l\000i\000d\000a\000r\000:\000:\000L\000i\000d\000a\000r\000S\000c\000a\000n\000n\000e\000r\000\040\000C\000l\000a\000s\000s\000\040\000R\000e\000f\000e\000r\000e\000n\000c\000e}{chapter.6}% 219
\BOOKMARK [2][-]{subsection.6.13.1}{\376\377\0006\000.\0001\0003\000.\0001\000\040\000C\000o\000n\000s\000t\000r\000u\000c\000t\000o\000r\000\040\000\046\000\040\000D\000e\000s\000t\000r\000u\000c\000t\000o\000r\000\040\000D\000o\000c\000u\000m\000e\000n\000t\000a\000t\000i\000o\000n}{section.6.13}% 220
\BOOKMARK [3][-]{subsubsection.6.13.1.1}{\376\377\0006\000.\0001\0003\000.\0001\000.\0001\000\040\000L\000i\000d\000a\000r\000S\000c\000a\000n\000n\000e\000r\000\050\000\051}{subsection.6.13.1}% 221
\BOOKMARK [2][-]{subsection.6.13.2}{\376\377\0006\000.\0001\0003\000.\0002\000\040\000M\000e\000m\000b\000e\000r\000\040\000F\000u\000n\000c\000t\000i\000o\000n\000\040\000D\000o\000c\000u\000m\000e\000n\000t\000a\000t\000i\000o\000n}{section.6.13}% 222
\BOOKMARK [3][-]{subsubsection.6.13.2.1}{\376\377\0006\000.\0001\0003\000.\0002\000.\0001\000\040\000c\000r\000e\000a\000t\000e\000\050\000\051}{subsection.6.13.2}% 223
\BOOKMARK [3][-]{subsubsection.6.13.2.2}{\376\377\0006\000.\0001\0003\000.\0002\000.\0002\000\040\000d\000i\000s\000c\000o\000n\000n\000e\000c\000t\000\050\000\051}{subsection.6.13.2}% 224
\BOOKMARK [3][-]{subsubsection.6.13.2.3}{\376\377\0006\000.\0001\0003\000.\0002\000.\0003\000\040\000i\000n\000i\000t\000i\000a\000l\000i\000z\000e\000\050\000\051}{subsection.6.13.2}% 225
\BOOKMARK [3][-]{subsubsection.6.13.2.4}{\376\377\0006\000.\0001\0003\000.\0002\000.\0004\000\040\000s\000t\000a\000r\000t\000\050\000\051}{subsection.6.13.2}% 226
\BOOKMARK [3][-]{subsubsection.6.13.2.5}{\376\377\0006\000.\0001\0003\000.\0002\000.\0005\000\040\000s\000t\000o\000p\000\050\000\051}{subsection.6.13.2}% 227
\BOOKMARK [3][-]{subsubsection.6.13.2.6}{\376\377\0006\000.\0001\0003\000.\0002\000.\0006\000\040\000t\000e\000r\000m\000i\000n\000a\000t\000e\000\050\000\051}{subsection.6.13.2}% 228
\BOOKMARK [3][-]{subsubsection.6.13.2.7}{\376\377\0006\000.\0001\0003\000.\0002\000.\0007\000\040\000u\000p\000d\000a\000t\000e\000\050\000\051}{subsection.6.13.2}% 229
\BOOKMARK [2][-]{subsection.6.13.3}{\376\377\0006\000.\0001\0003\000.\0003\000\040\000M\000e\000m\000b\000e\000r\000\040\000D\000a\000t\000a\000\040\000D\000o\000c\000u\000m\000e\000n\000t\000a\000t\000i\000o\000n}{section.6.13}% 230
\BOOKMARK [3][-]{subsubsection.6.13.3.1}{\376\377\0006\000.\0001\0003\000.\0003\000.\0001\000\040\000c\000o\000n\000f\000i\000g\000u\000r\000a\000t\000i\000o\000n\000\137}{subsection.6.13.3}% 231
\BOOKMARK [3][-]{subsubsection.6.13.3.2}{\376\377\0006\000.\0001\0003\000.\0003\000.\0002\000\040\000l\000i\000d\000a\000r\000\137}{subsection.6.13.3}% 232
\BOOKMARK [3][-]{subsubsection.6.13.3.3}{\376\377\0006\000.\0001\0003\000.\0003\000.\0003\000\040\000r\000u\000n\000n\000i\000n\000g}{subsection.6.13.3}% 233
\BOOKMARK [3][-]{subsubsection.6.13.3.4}{\376\377\0006\000.\0001\0003\000.\0003\000.\0004\000\040\000s\000c\000a\000n\000\137\000d\000a\000t\000a\000\137}{subsection.6.13.3}% 234
\BOOKMARK [3][-]{subsubsection.6.13.3.5}{\376\377\0006\000.\0001\0003\000.\0003\000.\0005\000\040\000s\000c\000a\000n\000\137\000d\000a\000t\000a\000\137\000m\000u\000t\000e\000x\000\137}{subsection.6.13.3}% 235
\BOOKMARK [3][-]{subsubsection.6.13.3.6}{\376\377\0006\000.\0001\0003\000.\0003\000.\0006\000\040\000s\000c\000a\000n\000\137\000g\000e\000n\000e\000r\000a\000t\000o\000r\000\137}{subsection.6.13.3}% 236
\BOOKMARK [1][-]{section.6.14}{\376\377\0006\000.\0001\0004\000\040\000c\000a\000r\000:\000:\000s\000y\000s\000t\000e\000m\000:\000:\000m\000e\000s\000s\000a\000g\000i\000n\000g\000:\000:\000M\000e\000s\000s\000a\000g\000i\000n\000g\000S\000y\000s\000t\000e\000m\000\040\000C\000l\000a\000s\000s\000\040\000R\000e\000f\000e\000r\000e\000n\000c\000e}{chapter.6}% 237
\BOOKMARK [2][-]{subsection.6.14.1}{\376\377\0006\000.\0001\0004\000.\0001\000\040\000C\000o\000n\000s\000t\000r\000u\000c\000t\000o\000r\000\040\000\046\000\040\000D\000e\000s\000t\000r\000u\000c\000t\000o\000r\000\040\000D\000o\000c\000u\000m\000e\000n\000t\000a\000t\000i\000o\000n}{section.6.14}% 238
\BOOKMARK [3][-]{subsubsection.6.14.1.1}{\376\377\0006\000.\0001\0004\000.\0001\000.\0001\000\040\000M\000e\000s\000s\000a\000g\000i\000n\000g\000S\000y\000s\000t\000e\000m\000\050\000\051}{subsection.6.14.1}% 239
\BOOKMARK [2][-]{subsection.6.14.2}{\376\377\0006\000.\0001\0004\000.\0002\000\040\000M\000e\000m\000b\000e\000r\000\040\000F\000u\000n\000c\000t\000i\000o\000n\000\040\000D\000o\000c\000u\000m\000e\000n\000t\000a\000t\000i\000o\000n}{section.6.14}% 240
\BOOKMARK [3][-]{subsubsection.6.14.2.1}{\376\377\0006\000.\0001\0004\000.\0002\000.\0001\000\040\000g\000e\000t\000C\000o\000m\000m\000a\000n\000d\000S\000i\000g\000n\000a\000l\000\050\000\051}{subsection.6.14.2}% 241
\BOOKMARK [3][-]{subsubsection.6.14.2.2}{\376\377\0006\000.\0001\0004\000.\0002\000.\0002\000\040\000g\000e\000t\000D\000i\000s\000c\000o\000n\000n\000e\000c\000t\000S\000i\000g\000n\000a\000l\000\050\000\051}{subsection.6.14.2}% 242
\BOOKMARK [3][-]{subsubsection.6.14.2.3}{\376\377\0006\000.\0001\0004\000.\0002\000.\0003\000\040\000g\000e\000t\000F\000i\000r\000s\000t\000M\000e\000s\000s\000a\000g\000e\000\050\000\051}{subsection.6.14.2}% 243
\BOOKMARK [3][-]{subsubsection.6.14.2.4}{\376\377\0006\000.\0001\0004\000.\0002\000.\0004\000\040\000g\000e\000t\000M\000e\000s\000s\000a\000g\000e\000S\000i\000g\000n\000a\000l\000\050\000\051}{subsection.6.14.2}% 244
\BOOKMARK [3][-]{subsubsection.6.14.2.5}{\376\377\0006\000.\0001\0004\000.\0002\000.\0005\000\040\000g\000e\000t\000S\000e\000l\000e\000c\000t\000i\000o\000n\000S\000i\000g\000n\000a\000l\000\050\000\051}{subsection.6.14.2}% 245
\BOOKMARK [3][-]{subsubsection.6.14.2.6}{\376\377\0006\000.\0001\0004\000.\0002\000.\0006\000\040\000g\000e\000t\000U\000U\000I\000D\000\050\000\051}{subsection.6.14.2}% 246
\BOOKMARK [3][-]{subsubsection.6.14.2.7}{\376\377\0006\000.\0001\0004\000.\0002\000.\0007\000\040\000h\000a\000n\000d\000l\000e\000M\000e\000s\000s\000a\000g\000e\000\050\000\051}{subsection.6.14.2}% 247
\BOOKMARK [3][-]{subsubsection.6.14.2.8}{\376\377\0006\000.\0001\0004\000.\0002\000.\0008\000\040\000i\000n\000i\000t\000i\000a\000l\000i\000z\000e\000\050\000\051}{subsection.6.14.2}% 248
\BOOKMARK [3][-]{subsubsection.6.14.2.9}{\376\377\0006\000.\0001\0004\000.\0002\000.\0009\000\040\000i\000n\000i\000t\000i\000a\000l\000i\000z\000e\000W\000e\000b\000S\000o\000c\000k\000e\000t\000\050\000\051}{subsection.6.14.2}% 249
\BOOKMARK [3][-]{subsubsection.6.14.2.10}{\376\377\0006\000.\0001\0004\000.\0002\000.\0001\0000\000\040\000i\000s\000C\000o\000n\000n\000e\000c\000t\000e\000d\000\050\000\051}{subsection.6.14.2}% 250
\BOOKMARK [3][-]{subsubsection.6.14.2.11}{\376\377\0006\000.\0001\0004\000.\0002\000.\0001\0001\000\040\000o\000n\000D\000i\000s\000c\000o\000n\000n\000e\000c\000t\000\050\000\051}{subsection.6.14.2}% 251
\BOOKMARK [3][-]{subsubsection.6.14.2.12}{\376\377\0006\000.\0001\0004\000.\0002\000.\0001\0002\000\040\000o\000n\000F\000i\000r\000s\000t\000M\000e\000s\000s\000a\000g\000e\000\050\000\051}{subsection.6.14.2}% 252
\BOOKMARK [3][-]{subsubsection.6.14.2.13}{\376\377\0006\000.\0001\0004\000.\0002\000.\0001\0003\000\040\000o\000n\000M\000e\000s\000s\000a\000g\000e\000C\000a\000l\000l\000b\000a\000c\000k\000\050\000\051}{subsection.6.14.2}% 253
\BOOKMARK [3][-]{subsubsection.6.14.2.14}{\376\377\0006\000.\0001\0004\000.\0002\000.\0001\0004\000\040\000s\000e\000n\000d\000M\000e\000s\000s\000a\000g\000e\000\050\000\051}{subsection.6.14.2}% 254
\BOOKMARK [3][-]{subsubsection.6.14.2.15}{\376\377\0006\000.\0001\0004\000.\0002\000.\0001\0005\000\040\000s\000e\000t\000C\000o\000n\000f\000i\000g\000u\000r\000a\000t\000i\000o\000n\000\050\000\051}{subsection.6.14.2}% 255
\BOOKMARK [3][-]{subsubsection.6.14.2.16}{\376\377\0006\000.\0001\0004\000.\0002\000.\0001\0006\000\040\000s\000t\000o\000p\000\050\000\051}{subsection.6.14.2}% 256
\BOOKMARK [3][-]{subsubsection.6.14.2.17}{\376\377\0006\000.\0001\0004\000.\0002\000.\0001\0007\000\040\000t\000e\000r\000m\000i\000n\000a\000t\000e\000\050\000\051}{subsection.6.14.2}% 257
\BOOKMARK [3][-]{subsubsection.6.14.2.18}{\376\377\0006\000.\0001\0004\000.\0002\000.\0001\0008\000\040\000t\000r\000y\000C\000o\000n\000n\000e\000c\000t\000\050\000\051}{subsection.6.14.2}% 258
\BOOKMARK [2][-]{subsection.6.14.3}{\376\377\0006\000.\0001\0004\000.\0003\000\040\000M\000e\000m\000b\000e\000r\000\040\000D\000a\000t\000a\000\040\000D\000o\000c\000u\000m\000e\000n\000t\000a\000t\000i\000o\000n}{section.6.14}% 259
\BOOKMARK [3][-]{subsubsection.6.14.3.1}{\376\377\0006\000.\0001\0004\000.\0003\000.\0001\000\040\000c\000o\000m\000m\000a\000n\000d\000\137\000s\000i\000g\000n\000a\000l\000\137}{subsection.6.14.3}% 260
\BOOKMARK [3][-]{subsubsection.6.14.3.2}{\376\377\0006\000.\0001\0004\000.\0003\000.\0002\000\040\000c\000o\000n\000f\000i\000g\000u\000r\000a\000t\000i\000o\000n\000\137}{subsection.6.14.3}% 261
\BOOKMARK [3][-]{subsubsection.6.14.3.3}{\376\377\0006\000.\0001\0004\000.\0003\000.\0003\000\040\000c\000o\000n\000n\000e\000c\000t\000e\000d\000\137}{subsection.6.14.3}% 262
\BOOKMARK [3][-]{subsubsection.6.14.3.4}{\376\377\0006\000.\0001\0004\000.\0003\000.\0004\000\040\000m\000e\000s\000s\000a\000g\000e\000\137\000s\000i\000g\000n\000a\000l\000\137}{subsection.6.14.3}% 263
\BOOKMARK [3][-]{subsubsection.6.14.3.5}{\376\377\0006\000.\0001\0004\000.\0003\000.\0005\000\040\000o\000n\000\137\000d\000i\000s\000c\000o\000n\000n\000e\000c\000t\000\137\000s\000i\000g\000n\000a\000l\000\137}{subsection.6.14.3}% 264
\BOOKMARK [3][-]{subsubsection.6.14.3.6}{\376\377\0006\000.\0001\0004\000.\0003\000.\0006\000\040\000s\000e\000l\000e\000c\000t\000i\000o\000n\000\137\000s\000i\000g\000n\000a\000l\000\137}{subsection.6.14.3}% 265
\BOOKMARK [3][-]{subsubsection.6.14.3.7}{\376\377\0006\000.\0001\0004\000.\0003\000.\0007\000\040\000u\000u\000i\000d\000\137}{subsection.6.14.3}% 266
\BOOKMARK [3][-]{subsubsection.6.14.3.8}{\376\377\0006\000.\0001\0004\000.\0003\000.\0008\000\040\000w\000e\000b\000s\000o\000c\000k\000e\000t\000\137}{subsection.6.14.3}% 267
\BOOKMARK [3][-]{subsubsection.6.14.3.9}{\376\377\0006\000.\0001\0004\000.\0003\000.\0009\000\040\000w\000e\000b\000s\000o\000c\000k\000e\000t\000\137\000u\000r\000l\000\137}{subsection.6.14.3}% 268
\BOOKMARK [1][-]{section.6.15}{\376\377\0006\000.\0001\0005\000\040\000c\000a\000r\000:\000:\000s\000y\000s\000t\000e\000m\000:\000:\000m\000o\000v\000e\000m\000e\000n\000t\000:\000:\000M\000o\000v\000e\000m\000e\000n\000t\000S\000y\000s\000t\000e\000m\000\040\000C\000l\000a\000s\000s\000\040\000R\000e\000f\000e\000r\000e\000n\000c\000e}{chapter.6}% 269
\BOOKMARK [2][-]{subsection.6.15.1}{\376\377\0006\000.\0001\0005\000.\0001\000\040\000C\000o\000n\000s\000t\000r\000u\000c\000t\000o\000r\000\040\000\046\000\040\000D\000e\000s\000t\000r\000u\000c\000t\000o\000r\000\040\000D\000o\000c\000u\000m\000e\000n\000t\000a\000t\000i\000o\000n}{section.6.15}% 270
\BOOKMARK [3][-]{subsubsection.6.15.1.1}{\376\377\0006\000.\0001\0005\000.\0001\000.\0001\000\040\000M\000o\000v\000e\000m\000e\000n\000t\000S\000y\000s\000t\000e\000m\000\050\000\051}{subsection.6.15.1}% 271
\BOOKMARK [3][-]{subsubsection.6.15.1.2}{\376\377\0006\000.\0001\0005\000.\0001\000.\0002\000\040\000\040\000M\000o\000v\000e\000m\000e\000n\000t\000S\000y\000s\000t\000e\000m\000\050\000\051}{subsection.6.15.1}% 272
\BOOKMARK [2][-]{subsection.6.15.2}{\376\377\0006\000.\0001\0005\000.\0002\000\040\000M\000e\000m\000b\000e\000r\000\040\000F\000u\000n\000c\000t\000i\000o\000n\000\040\000D\000o\000c\000u\000m\000e\000n\000t\000a\000t\000i\000o\000n}{section.6.15}% 273
\BOOKMARK [3][-]{subsubsection.6.15.2.1}{\376\377\0006\000.\0001\0005\000.\0002\000.\0001\000\040\000i\000n\000i\000t\000i\000a\000l\000i\000z\000e\000\050\000\051}{subsection.6.15.2}% 274
\BOOKMARK [3][-]{subsubsection.6.15.2.2}{\376\377\0006\000.\0001\0005\000.\0002\000.\0002\000\040\000s\000e\000t\000C\000a\000m\000e\000r\000a\000S\000e\000r\000v\000o\0001\000A\000n\000g\000l\000e\000\050\000\051}{subsection.6.15.2}% 275
\BOOKMARK [3][-]{subsubsection.6.15.2.3}{\376\377\0006\000.\0001\0005\000.\0002\000.\0003\000\040\000s\000e\000t\000C\000a\000m\000e\000r\000a\000S\000e\000r\000v\000o\0002\000A\000n\000g\000l\000e\000\050\000\051}{subsection.6.15.2}% 276
\BOOKMARK [3][-]{subsubsection.6.15.2.4}{\376\377\0006\000.\0001\0005\000.\0002\000.\0004\000\040\000s\000e\000t\000F\000r\000o\000n\000t\000W\000h\000e\000e\000l\000s\000A\000n\000g\000l\000e\000\050\000\051}{subsection.6.15.2}% 277
\BOOKMARK [3][-]{subsubsection.6.15.2.5}{\376\377\0006\000.\0001\0005\000.\0002\000.\0005\000\040\000s\000e\000t\000R\000e\000a\000r\000L\000e\000f\000t\000W\000h\000e\000e\000l\000D\000i\000r\000e\000c\000t\000i\000o\000n\000T\000o\000B\000a\000c\000k\000w\000a\000r\000d\000\050\000\051}{subsection.6.15.2}% 278
\BOOKMARK [3][-]{subsubsection.6.15.2.6}{\376\377\0006\000.\0001\0005\000.\0002\000.\0006\000\040\000s\000e\000t\000R\000e\000a\000r\000L\000e\000f\000t\000W\000h\000e\000e\000l\000D\000i\000r\000e\000c\000t\000i\000o\000n\000T\000o\000F\000o\000r\000w\000a\000r\000d\000\050\000\051}{subsection.6.15.2}% 279
\BOOKMARK [3][-]{subsubsection.6.15.2.7}{\376\377\0006\000.\0001\0005\000.\0002\000.\0007\000\040\000s\000e\000t\000R\000e\000a\000r\000L\000e\000f\000t\000W\000h\000e\000e\000l\000S\000p\000e\000e\000d\000\050\000\051}{subsection.6.15.2}% 280
\BOOKMARK [3][-]{subsubsection.6.15.2.8}{\376\377\0006\000.\0001\0005\000.\0002\000.\0008\000\040\000s\000e\000t\000R\000e\000a\000r\000R\000i\000g\000h\000t\000W\000h\000e\000e\000l\000D\000i\000r\000e\000c\000t\000i\000o\000n\000T\000o\000B\000a\000c\000k\000w\000a\000r\000d\000\050\000\051}{subsection.6.15.2}% 281
\BOOKMARK [3][-]{subsubsection.6.15.2.9}{\376\377\0006\000.\0001\0005\000.\0002\000.\0009\000\040\000s\000e\000t\000R\000e\000a\000r\000R\000i\000g\000h\000t\000W\000h\000e\000e\000l\000D\000i\000r\000e\000c\000t\000i\000o\000n\000T\000o\000F\000o\000r\000w\000a\000r\000d\000\050\000\051}{subsection.6.15.2}% 282
\BOOKMARK [3][-]{subsubsection.6.15.2.10}{\376\377\0006\000.\0001\0005\000.\0002\000.\0001\0000\000\040\000s\000e\000t\000R\000e\000a\000r\000R\000i\000g\000h\000t\000W\000h\000e\000e\000l\000S\000p\000e\000e\000d\000\050\000\051}{subsection.6.15.2}% 283
\BOOKMARK [3][-]{subsubsection.6.15.2.11}{\376\377\0006\000.\0001\0005\000.\0002\000.\0001\0001\000\040\000s\000e\000t\000R\000e\000a\000r\000W\000h\000e\000e\000l\000s\000D\000i\000r\000e\000c\000t\000i\000o\000n\000T\000o\000B\000a\000c\000k\000w\000a\000r\000d\000\050\000\051}{subsection.6.15.2}% 284
\BOOKMARK [3][-]{subsubsection.6.15.2.12}{\376\377\0006\000.\0001\0005\000.\0002\000.\0001\0002\000\040\000s\000e\000t\000R\000e\000a\000r\000W\000h\000e\000e\000l\000s\000D\000i\000r\000e\000c\000t\000i\000o\000n\000T\000o\000F\000o\000r\000w\000a\000r\000d\000\050\000\051}{subsection.6.15.2}% 285
\BOOKMARK [3][-]{subsubsection.6.15.2.13}{\376\377\0006\000.\0001\0005\000.\0002\000.\0001\0003\000\040\000s\000e\000t\000R\000e\000a\000r\000W\000h\000e\000e\000l\000s\000S\000p\000e\000e\000d\000\050\000\051}{subsection.6.15.2}% 286
\BOOKMARK [3][-]{subsubsection.6.15.2.14}{\376\377\0006\000.\0001\0005\000.\0002\000.\0001\0004\000\040\000s\000t\000a\000r\000t\000\050\000\051}{subsection.6.15.2}% 287
\BOOKMARK [3][-]{subsubsection.6.15.2.15}{\376\377\0006\000.\0001\0005\000.\0002\000.\0001\0005\000\040\000s\000t\000o\000p\000\050\000\051}{subsection.6.15.2}% 288
\BOOKMARK [3][-]{subsubsection.6.15.2.16}{\376\377\0006\000.\0001\0005\000.\0002\000.\0001\0006\000\040\000t\000e\000r\000m\000i\000n\000a\000t\000e\000\050\000\051}{subsection.6.15.2}% 289
\BOOKMARK [2][-]{subsection.6.15.3}{\376\377\0006\000.\0001\0005\000.\0003\000\040\000M\000e\000m\000b\000e\000r\000\040\000D\000a\000t\000a\000\040\000D\000o\000c\000u\000m\000e\000n\000t\000a\000t\000i\000o\000n}{section.6.15}% 290
\BOOKMARK [3][-]{subsubsection.6.15.3.1}{\376\377\0006\000.\0001\0005\000.\0003\000.\0001\000\040\000m\000o\000v\000e\000m\000e\000n\000t\000\137\000c\000o\000n\000t\000r\000o\000l\000l\000e\000r}{subsection.6.15.3}% 291
\BOOKMARK [1][-]{section.6.16}{\376\377\0006\000.\0001\0006\000\040\000c\000a\000r\000:\000:\000p\000l\000u\000g\000i\000n\000:\000:\000P\000l\000u\000g\000i\000n\000\040\000C\000l\000a\000s\000s\000\040\000R\000e\000f\000e\000r\000e\000n\000c\000e}{chapter.6}% 292
\BOOKMARK [2][-]{subsection.6.16.1}{\376\377\0006\000.\0001\0006\000.\0001\000\040\000M\000e\000m\000b\000e\000r\000\040\000F\000u\000n\000c\000t\000i\000o\000n\000\040\000D\000o\000c\000u\000m\000e\000n\000t\000a\000t\000i\000o\000n}{section.6.16}% 293
\BOOKMARK [3][-]{subsubsection.6.16.1.1}{\376\377\0006\000.\0001\0006\000.\0001\000.\0001\000\040\000g\000e\000t\000N\000a\000m\000e\000\050\000\051}{subsection.6.16.1}% 294
\BOOKMARK [3][-]{subsubsection.6.16.1.2}{\376\377\0006\000.\0001\0006\000.\0001\000.\0002\000\040\000i\000n\000i\000t\000i\000a\000l\000i\000z\000e\000\050\000\051}{subsection.6.16.1}% 295
\BOOKMARK [3][-]{subsubsection.6.16.1.3}{\376\377\0006\000.\0001\0006\000.\0001\000.\0003\000\040\000s\000t\000o\000p\000\050\000\051}{subsection.6.16.1}% 296
\BOOKMARK [3][-]{subsubsection.6.16.1.4}{\376\377\0006\000.\0001\0006\000.\0001\000.\0004\000\040\000u\000p\000d\000a\000t\000e\000\050\000\051}{subsection.6.16.1}% 297
\BOOKMARK [1][-]{section.6.17}{\376\377\0006\000.\0001\0007\000\040\000c\000a\000r\000:\000:\000p\000l\000u\000g\000i\000n\000:\000:\000P\000l\000u\000g\000i\000n\000M\000a\000n\000a\000g\000e\000r\000\040\000C\000l\000a\000s\000s\000\040\000R\000e\000f\000e\000r\000e\000n\000c\000e}{chapter.6}% 298
\BOOKMARK [2][-]{subsection.6.17.1}{\376\377\0006\000.\0001\0007\000.\0001\000\040\000M\000e\000m\000b\000e\000r\000\040\000F\000u\000n\000c\000t\000i\000o\000n\000\040\000D\000o\000c\000u\000m\000e\000n\000t\000a\000t\000i\000o\000n}{section.6.17}% 299
\BOOKMARK [3][-]{subsubsection.6.17.1.1}{\376\377\0006\000.\0001\0007\000.\0001\000.\0001\000\040\000a\000d\000d\000P\000l\000u\000g\000i\000n\000\050\000\051}{subsection.6.17.1}% 300
\BOOKMARK [3][-]{subsubsection.6.17.1.2}{\376\377\0006\000.\0001\0007\000.\0001\000.\0002\000\040\000g\000e\000t\000P\000l\000u\000g\000i\000n\000\050\000\051}{subsection.6.17.1}% 301
\BOOKMARK [3][-]{subsubsection.6.17.1.3}{\376\377\0006\000.\0001\0007\000.\0001\000.\0003\000\040\000i\000n\000i\000t\000i\000a\000l\000i\000z\000e\000\050\000\051}{subsection.6.17.1}% 302
\BOOKMARK [3][-]{subsubsection.6.17.1.4}{\376\377\0006\000.\0001\0007\000.\0001\000.\0004\000\040\000s\000t\000o\000p\000\050\000\051}{subsection.6.17.1}% 303
\BOOKMARK [3][-]{subsubsection.6.17.1.5}{\376\377\0006\000.\0001\0007\000.\0001\000.\0005\000\040\000t\000e\000r\000m\000i\000n\000a\000t\000e\000\050\000\051}{subsection.6.17.1}% 304
\BOOKMARK [3][-]{subsubsection.6.17.1.6}{\376\377\0006\000.\0001\0007\000.\0001\000.\0006\000\040\000u\000p\000d\000a\000t\000e\000\050\000\051}{subsection.6.17.1}% 305
\BOOKMARK [2][-]{subsection.6.17.2}{\376\377\0006\000.\0001\0007\000.\0002\000\040\000M\000e\000m\000b\000e\000r\000\040\000D\000a\000t\000a\000\040\000D\000o\000c\000u\000m\000e\000n\000t\000a\000t\000i\000o\000n}{section.6.17}% 306
\BOOKMARK [3][-]{subsubsection.6.17.2.1}{\376\377\0006\000.\0001\0007\000.\0002\000.\0001\000\040\000p\000l\000u\000g\000i\000n\000s}{subsection.6.17.2}% 307
\BOOKMARK [1][-]{section.6.18}{\376\377\0006\000.\0001\0008\000\040\000c\000a\000r\000:\000:\000s\000y\000s\000t\000e\000m\000:\000:\000l\000o\000g\000g\000i\000n\000g\000:\000:\000V\000e\000c\000t\000o\000r\000S\000i\000n\000k\000<\000\040\000M\000u\000t\000e\000x\000\040\000>\000\040\000C\000l\000a\000s\000s\000\040\000T\000e\000m\000p\000l\000a\000t\000e\000\040\000R\000e\000f\000e\000r\000e\000n\000c\000e}{chapter.6}% 308
\BOOKMARK [2][-]{subsection.6.18.1}{\376\377\0006\000.\0001\0008\000.\0001\000\040\000C\000o\000n\000s\000t\000r\000u\000c\000t\000o\000r\000\040\000\046\000\040\000D\000e\000s\000t\000r\000u\000c\000t\000o\000r\000\040\000D\000o\000c\000u\000m\000e\000n\000t\000a\000t\000i\000o\000n}{section.6.18}% 309
\BOOKMARK [3][-]{subsubsection.6.18.1.1}{\376\377\0006\000.\0001\0008\000.\0001\000.\0001\000\040\000V\000e\000c\000t\000o\000r\000S\000i\000n\000k\000\050\000\051}{subsection.6.18.1}% 310
\BOOKMARK [2][-]{subsection.6.18.2}{\376\377\0006\000.\0001\0008\000.\0002\000\040\000M\000e\000m\000b\000e\000r\000\040\000F\000u\000n\000c\000t\000i\000o\000n\000\040\000D\000o\000c\000u\000m\000e\000n\000t\000a\000t\000i\000o\000n}{section.6.18}% 311
\BOOKMARK [3][-]{subsubsection.6.18.2.1}{\376\377\0006\000.\0001\0008\000.\0002\000.\0001\000\040\000f\000l\000u\000s\000h\000\137\000\050\000\051}{subsection.6.18.2}% 312
\BOOKMARK [3][-]{subsubsection.6.18.2.2}{\376\377\0006\000.\0001\0008\000.\0002\000.\0002\000\040\000g\000e\000t\000\137\000l\000o\000g\000\137\000m\000e\000s\000s\000a\000g\000e\000s\000\050\000\051}{subsection.6.18.2}% 313
\BOOKMARK [3][-]{subsubsection.6.18.2.3}{\376\377\0006\000.\0001\0008\000.\0002\000.\0003\000\040\000s\000i\000n\000k\000\137\000i\000t\000\137\000\050\000\051}{subsection.6.18.2}% 314
\BOOKMARK [2][-]{subsection.6.18.3}{\376\377\0006\000.\0001\0008\000.\0003\000\040\000M\000e\000m\000b\000e\000r\000\040\000D\000a\000t\000a\000\040\000D\000o\000c\000u\000m\000e\000n\000t\000a\000t\000i\000o\000n}{section.6.18}% 315
\BOOKMARK [3][-]{subsubsection.6.18.3.1}{\376\377\0006\000.\0001\0008\000.\0003\000.\0001\000\040\000l\000o\000g\000\137\000m\000e\000s\000s\000a\000g\000e\000s}{subsection.6.18.3}% 316
\BOOKMARK [3][-]{subsubsection.6.18.3.2}{\376\377\0006\000.\0001\0008\000.\0003\000.\0002\000\040\000m\000a\000x\000\137\000l\000i\000n\000e\000s}{subsection.6.18.3}% 317
\BOOKMARK [0][-]{chapter.7}{\376\377\0007\000\040\000F\000i\000l\000e\000\040\000D\000o\000c\000u\000m\000e\000n\000t\000a\000t\000i\000o\000n}{}% 318
\BOOKMARK [1][-]{section.7.1}{\376\377\0007\000.\0001\000\040\000i\000n\000c\000l\000u\000d\000e\000/\000b\000e\000h\000a\000v\000i\000o\000u\000r\000\137\000t\000r\000e\000e\000/\000B\000e\000h\000a\000v\000i\000o\000u\000r\000T\000r\000e\000e\000H\000a\000n\000d\000l\000e\000r\000.\000h\000p\000p\000\040\000F\000i\000l\000e\000\040\000R\000e\000f\000e\000r\000e\000n\000c\000e}{chapter.7}% 319
\BOOKMARK [1][-]{section.7.2}{\376\377\0007\000.\0002\000\040\000B\000e\000h\000a\000v\000i\000o\000u\000r\000T\000r\000e\000e\000H\000a\000n\000d\000l\000e\000r\000.\000h\000p\000p}{chapter.7}% 320
\BOOKMARK [1][-]{section.7.3}{\376\377\0007\000.\0003\000\040\000i\000n\000c\000l\000u\000d\000e\000/\000b\000e\000h\000a\000v\000i\000o\000u\000r\000\137\000t\000r\000e\000e\000/\000C\000a\000r\000C\000o\000n\000t\000e\000x\000t\000.\000h\000p\000p\000\040\000F\000i\000l\000e\000\040\000R\000e\000f\000e\000r\000e\000n\000c\000e}{chapter.7}% 321
\BOOKMARK [1][-]{section.7.4}{\376\377\0007\000.\0004\000\040\000C\000a\000r\000C\000o\000n\000t\000e\000x\000t\000.\000h\000p\000p}{chapter.7}% 322
\BOOKMARK [1][-]{section.7.5}{\376\377\0007\000.\0005\000\040\000i\000n\000c\000l\000u\000d\000e\000/\000c\000a\000r\000/\000c\000o\000n\000f\000i\000g\000u\000r\000a\000t\000i\000o\000n\000/\000C\000o\000n\000f\000i\000g\000u\000r\000a\000t\000i\000o\000n\000.\000h\000\040\000F\000i\000l\000e\000\040\000R\000e\000f\000e\000r\000e\000n\000c\000e}{chapter.7}% 323
\BOOKMARK [1][-]{section.7.6}{\376\377\0007\000.\0006\000\040\000C\000o\000n\000f\000i\000g\000u\000r\000a\000t\000i\000o\000n\000.\000h}{chapter.7}% 324
\BOOKMARK [1][-]{section.7.7}{\376\377\0007\000.\0007\000\040\000i\000n\000c\000l\000u\000d\000e\000/\000c\000a\000r\000/\000p\000l\000u\000g\000i\000n\000/\000P\000l\000u\000g\000i\000n\000.\000h\000\040\000F\000i\000l\000e\000\040\000R\000e\000f\000e\000r\000e\000n\000c\000e}{chapter.7}% 325
\BOOKMARK [1][-]{section.7.8}{\376\377\0007\000.\0008\000\040\000P\000l\000u\000g\000i\000n\000.\000h}{chapter.7}% 326
\BOOKMARK [1][-]{section.7.9}{\376\377\0007\000.\0009\000\040\000i\000n\000c\000l\000u\000d\000e\000/\000c\000a\000r\000/\000p\000l\000u\000g\000i\000n\000/\000P\000l\000u\000g\000i\000n\000M\000a\000n\000a\000g\000e\000r\000.\000h\000\040\000F\000i\000l\000e\000\040\000R\000e\000f\000e\000r\000e\000n\000c\000e}{chapter.7}% 327
\BOOKMARK [1][-]{section.7.10}{\376\377\0007\000.\0001\0000\000\040\000P\000l\000u\000g\000i\000n\000M\000a\000n\000a\000g\000e\000r\000.\000h}{chapter.7}% 328
\BOOKMARK [1][-]{section.7.11}{\376\377\0007\000.\0001\0001\000\040\000i\000n\000c\000l\000u\000d\000e\000/\000c\000a\000r\000/\000s\000y\000s\000t\000e\000m\000/\000C\000a\000r\000S\000y\000s\000t\000e\000m\000.\000h\000\040\000F\000i\000l\000e\000\040\000R\000e\000f\000e\000r\000e\000n\000c\000e}{chapter.7}% 329
\BOOKMARK [1][-]{section.7.12}{\376\377\0007\000.\0001\0002\000\040\000C\000a\000r\000S\000y\000s\000t\000e\000m\000.\000h}{chapter.7}% 330
\BOOKMARK [1][-]{section.7.13}{\376\377\0007\000.\0001\0003\000\040\000i\000n\000c\000l\000u\000d\000e\000/\000c\000a\000r\000/\000s\000y\000s\000t\000e\000m\000/\000d\000e\000v\000i\000c\000e\000/\000C\000a\000m\000e\000r\000a\000D\000e\000v\000i\000c\000e\000.\000h\000\040\000F\000i\000l\000e\000\040\000R\000e\000f\000e\000r\000e\000n\000c\000e}{chapter.7}% 331
\BOOKMARK [1][-]{section.7.14}{\376\377\0007\000.\0001\0004\000\040\000C\000a\000m\000e\000r\000a\000D\000e\000v\000i\000c\000e\000.\000h}{chapter.7}% 332
\BOOKMARK [1][-]{section.7.15}{\376\377\0007\000.\0001\0005\000\040\000i\000n\000c\000l\000u\000d\000e\000/\000c\000a\000r\000/\000s\000y\000s\000t\000e\000m\000/\000d\000e\000v\000i\000c\000e\000/\000D\000e\000v\000i\000c\000e\000M\000a\000n\000a\000g\000e\000r\000.\000h\000\040\000F\000i\000l\000e\000\040\000R\000e\000f\000e\000r\000e\000n\000c\000e}{chapter.7}% 333
\BOOKMARK [1][-]{section.7.16}{\376\377\0007\000.\0001\0006\000\040\000D\000e\000v\000i\000c\000e\000M\000a\000n\000a\000g\000e\000r\000.\000h}{chapter.7}% 334
\BOOKMARK [1][-]{section.7.17}{\376\377\0007\000.\0001\0007\000\040\000i\000n\000c\000l\000u\000d\000e\000/\000c\000a\000r\000/\000s\000y\000s\000t\000e\000m\000/\000d\000e\000v\000i\000c\000e\000/\000l\000i\000d\000a\000r\000/\000L\000i\000d\000a\000r\000D\000e\000v\000i\000c\000e\000.\000h\000\040\000F\000i\000l\000e\000\040\000R\000e\000f\000e\000r\000e\000n\000c\000e}{chapter.7}% 335
\BOOKMARK [1][-]{section.7.18}{\376\377\0007\000.\0001\0008\000\040\000L\000i\000d\000a\000r\000D\000e\000v\000i\000c\000e\000.\000h}{chapter.7}% 336
\BOOKMARK [1][-]{section.7.19}{\376\377\0007\000.\0001\0009\000\040\000i\000n\000c\000l\000u\000d\000e\000/\000c\000a\000r\000/\000s\000y\000s\000t\000e\000m\000/\000d\000e\000v\000i\000c\000e\000/\000l\000i\000d\000a\000r\000/\000L\000i\000d\000a\000r\000D\000u\000m\000m\000y\000.\000h\000\040\000F\000i\000l\000e\000\040\000R\000e\000f\000e\000r\000e\000n\000c\000e}{chapter.7}% 337
\BOOKMARK [1][-]{section.7.20}{\376\377\0007\000.\0002\0000\000\040\000L\000i\000d\000a\000r\000D\000u\000m\000m\000y\000.\000h}{chapter.7}% 338
\BOOKMARK [1][-]{section.7.21}{\376\377\0007\000.\0002\0001\000\040\000i\000n\000c\000l\000u\000d\000e\000/\000c\000a\000r\000/\000s\000y\000s\000t\000e\000m\000/\000d\000e\000v\000i\000c\000e\000/\000l\000i\000d\000a\000r\000/\000L\000i\000d\000a\000r\000S\000c\000a\000n\000n\000e\000r\000.\000h\000\040\000F\000i\000l\000e\000\040\000R\000e\000f\000e\000r\000e\000n\000c\000e}{chapter.7}% 339
\BOOKMARK [1][-]{section.7.22}{\376\377\0007\000.\0002\0002\000\040\000L\000i\000d\000a\000r\000S\000c\000a\000n\000n\000e\000r\000.\000h}{chapter.7}% 340
\BOOKMARK [1][-]{section.7.23}{\376\377\0007\000.\0002\0003\000\040\000i\000n\000c\000l\000u\000d\000e\000/\000c\000a\000r\000/\000s\000y\000s\000t\000e\000m\000/\000l\000o\000g\000g\000i\000n\000g\000/\000V\000e\000c\000t\000o\000r\000S\000i\000n\000k\000.\000h\000\040\000F\000i\000l\000e\000\040\000R\000e\000f\000e\000r\000e\000n\000c\000e}{chapter.7}% 341
\BOOKMARK [1][-]{section.7.24}{\376\377\0007\000.\0002\0004\000\040\000V\000e\000c\000t\000o\000r\000S\000i\000n\000k\000.\000h}{chapter.7}% 342
\BOOKMARK [1][-]{section.7.25}{\376\377\0007\000.\0002\0005\000\040\000i\000n\000c\000l\000u\000d\000e\000/\000c\000a\000r\000/\000s\000y\000s\000t\000e\000m\000/\000m\000e\000s\000s\000a\000g\000i\000n\000g\000/\000M\000e\000s\000s\000a\000g\000i\000n\000g\000S\000y\000s\000t\000e\000m\000.\000h\000\040\000F\000i\000l\000e\000\040\000R\000e\000f\000e\000r\000e\000n\000c\000e}{chapter.7}% 343
\BOOKMARK [1][-]{section.7.26}{\376\377\0007\000.\0002\0006\000\040\000M\000e\000s\000s\000a\000g\000i\000n\000g\000S\000y\000s\000t\000e\000m\000.\000h}{chapter.7}% 344
\BOOKMARK [1][-]{section.7.27}{\376\377\0007\000.\0002\0007\000\040\000i\000n\000c\000l\000u\000d\000e\000/\000c\000a\000r\000/\000s\000y\000s\000t\000e\000m\000/\000m\000e\000s\000s\000a\000g\000i\000n\000g\000/\000S\000t\000r\000e\000a\000m\000T\000y\000p\000e\000.\000h\000\040\000F\000i\000l\000e\000\040\000R\000e\000f\000e\000r\000e\000n\000c\000e}{chapter.7}% 345
\BOOKMARK [2][-]{subsection.7.27.1}{\376\377\0007\000.\0002\0007\000.\0001\000\040\000E\000n\000u\000m\000e\000r\000a\000t\000i\000o\000n\000\040\000T\000y\000p\000e\000\040\000D\000o\000c\000u\000m\000e\000n\000t\000a\000t\000i\000o\000n}{section.7.27}% 346
\BOOKMARK [3][-]{subsubsection.7.27.1.1}{\376\377\0007\000.\0002\0007\000.\0001\000.\0001\000\040\000S\000t\000r\000e\000a\000m\000T\000y\000p\000e}{subsection.7.27.1}% 347
\BOOKMARK [1][-]{section.7.28}{\376\377\0007\000.\0002\0008\000\040\000S\000t\000r\000e\000a\000m\000T\000y\000p\000e\000.\000h}{chapter.7}% 348
\BOOKMARK [1][-]{section.7.29}{\376\377\0007\000.\0002\0009\000\040\000i\000n\000c\000l\000u\000d\000e\000/\000c\000a\000r\000/\000s\000y\000s\000t\000e\000m\000/\000m\000o\000v\000e\000m\000e\000n\000t\000/\000c\000o\000n\000t\000r\000o\000l\000l\000e\000r\000/\000A\000b\000s\000t\000r\000a\000c\000t\000M\000o\000v\000e\000m\000e\000n\000t\000C\000o\000n\000t\000r\000o\000l\000l\000e\000r\000.\000h\000\040\000F\000i\000l\000e\000\040\000R\000e\000f\000e\000r\000e\000n\000c\000e}{chapter.7}% 349
\BOOKMARK [1][-]{section.7.30}{\376\377\0007\000.\0003\0000\000\040\000A\000b\000s\000t\000r\000a\000c\000t\000M\000o\000v\000e\000m\000e\000n\000t\000C\000o\000n\000t\000r\000o\000l\000l\000e\000r\000.\000h}{chapter.7}% 350
\BOOKMARK [1][-]{section.7.31}{\376\377\0007\000.\0003\0001\000\040\000i\000n\000c\000l\000u\000d\000e\000/\000c\000a\000r\000/\000s\000y\000s\000t\000e\000m\000/\000m\000o\000v\000e\000m\000e\000n\000t\000/\000c\000o\000n\000t\000r\000o\000l\000l\000e\000r\000/\000D\000e\000v\000i\000c\000e\000M\000o\000v\000e\000m\000e\000n\000t\000C\000o\000n\000t\000r\000o\000l\000l\000e\000r\000.\000h\000\040\000F\000i\000l\000e\000\040\000R\000e\000f\000e\000r\000e\000n\000c\000e}{chapter.7}% 351
\BOOKMARK [1][-]{section.7.32}{\376\377\0007\000.\0003\0002\000\040\000D\000e\000v\000i\000c\000e\000M\000o\000v\000e\000m\000e\000n\000t\000C\000o\000n\000t\000r\000o\000l\000l\000e\000r\000.\000h}{chapter.7}% 352
\BOOKMARK [1][-]{section.7.33}{\376\377\0007\000.\0003\0003\000\040\000i\000n\000c\000l\000u\000d\000e\000/\000c\000a\000r\000/\000s\000y\000s\000t\000e\000m\000/\000m\000o\000v\000e\000m\000e\000n\000t\000/\000c\000o\000n\000t\000r\000o\000l\000l\000e\000r\000/\000D\000u\000m\000m\000y\000M\000o\000v\000e\000m\000e\000n\000t\000C\000o\000n\000t\000r\000o\000l\000l\000e\000r\000.\000h\000\040\000F\000i\000l\000e\000\040\000R\000e\000f\000e\000r\000e\000n\000c\000e}{chapter.7}% 353
\BOOKMARK [1][-]{section.7.34}{\376\377\0007\000.\0003\0004\000\040\000D\000u\000m\000m\000y\000M\000o\000v\000e\000m\000e\000n\000t\000C\000o\000n\000t\000r\000o\000l\000l\000e\000r\000.\000h}{chapter.7}% 354
\BOOKMARK [1][-]{section.7.35}{\376\377\0007\000.\0003\0005\000\040\000i\000n\000c\000l\000u\000d\000e\000/\000c\000a\000r\000/\000s\000y\000s\000t\000e\000m\000/\000m\000o\000v\000e\000m\000e\000n\000t\000/\000d\000e\000v\000i\000c\000e\000s\000/\000R\000e\000a\000r\000W\000h\000e\000e\000l\000.\000h\000\040\000F\000i\000l\000e\000\040\000R\000e\000f\000e\000r\000e\000n\000c\000e}{chapter.7}% 355
\BOOKMARK [1][-]{section.7.36}{\376\377\0007\000.\0003\0006\000\040\000R\000e\000a\000r\000W\000h\000e\000e\000l\000.\000h}{chapter.7}% 356
\BOOKMARK [1][-]{section.7.37}{\376\377\0007\000.\0003\0007\000\040\000i\000n\000c\000l\000u\000d\000e\000/\000c\000a\000r\000/\000s\000y\000s\000t\000e\000m\000/\000m\000o\000v\000e\000m\000e\000n\000t\000/\000d\000e\000v\000i\000c\000e\000s\000/\000S\000e\000r\000v\000o\000.\000h\000\040\000F\000i\000l\000e\000\040\000R\000e\000f\000e\000r\000e\000n\000c\000e}{chapter.7}% 357
\BOOKMARK [1][-]{section.7.38}{\376\377\0007\000.\0003\0008\000\040\000S\000e\000r\000v\000o\000.\000h}{chapter.7}% 358
\BOOKMARK [1][-]{section.7.39}{\376\377\0007\000.\0003\0009\000\040\000i\000n\000c\000l\000u\000d\000e\000/\000c\000a\000r\000/\000s\000y\000s\000t\000e\000m\000/\000m\000o\000v\000e\000m\000e\000n\000t\000/\000M\000o\000v\000e\000m\000e\000n\000t\000S\000y\000s\000t\000e\000m\000.\000h\000\040\000F\000i\000l\000e\000\040\000R\000e\000f\000e\000r\000e\000n\000c\000e}{chapter.7}% 359
\BOOKMARK [1][-]{section.7.40}{\376\377\0007\000.\0004\0000\000\040\000M\000o\000v\000e\000m\000e\000n\000t\000S\000y\000s\000t\000e\000m\000.\000h}{chapter.7}% 360
\BOOKMARK [1][-]{section.7.41}{\376\377\0007\000.\0004\0001\000\040\000s\000r\000c\000/\000c\000a\000r\000/\000s\000y\000s\000t\000e\000m\000/\000C\000a\000r\000S\000y\000s\000t\000e\000m\000.\000c\000p\000p\000\040\000F\000i\000l\000e\000\040\000R\000e\000f\000e\000r\000e\000n\000c\000e}{chapter.7}% 361
\BOOKMARK [1][-]{section.7.42}{\376\377\0007\000.\0004\0002\000\040\000s\000r\000c\000/\000c\000a\000r\000/\000s\000y\000s\000t\000e\000m\000/\000d\000e\000v\000i\000c\000e\000/\000C\000a\000m\000e\000r\000a\000D\000e\000v\000i\000c\000e\000.\000c\000p\000p\000\040\000F\000i\000l\000e\000\040\000R\000e\000f\000e\000r\000e\000n\000c\000e}{chapter.7}% 362
\BOOKMARK [1][-]{section.7.43}{\376\377\0007\000.\0004\0003\000\040\000s\000r\000c\000/\000c\000a\000r\000/\000s\000y\000s\000t\000e\000m\000/\000d\000e\000v\000i\000c\000e\000/\000D\000e\000v\000i\000c\000e\000M\000a\000n\000a\000g\000e\000r\000.\000c\000p\000p\000\040\000F\000i\000l\000e\000\040\000R\000e\000f\000e\000r\000e\000n\000c\000e}{chapter.7}% 363
\BOOKMARK [1][-]{section.7.44}{\376\377\0007\000.\0004\0004\000\040\000s\000r\000c\000/\000c\000a\000r\000/\000s\000y\000s\000t\000e\000m\000/\000m\000e\000s\000s\000a\000g\000i\000n\000g\000/\000M\000e\000s\000s\000a\000g\000i\000n\000g\000S\000y\000s\000t\000e\000m\000.\000c\000p\000p\000\040\000F\000i\000l\000e\000\040\000R\000e\000f\000e\000r\000e\000n\000c\000e}{chapter.7}% 364
\BOOKMARK [1][-]{section.7.45}{\376\377\0007\000.\0004\0005\000\040\000s\000r\000c\000/\000c\000a\000r\000/\000s\000y\000s\000t\000e\000m\000/\000m\000o\000v\000e\000m\000e\000n\000t\000/\000c\000o\000n\000t\000r\000o\000l\000l\000e\000r\000/\000D\000e\000v\000i\000c\000e\000M\000o\000v\000e\000m\000e\000n\000t\000C\000o\000n\000t\000r\000o\000l\000l\000e\000r\000.\000c\000p\000p\000\040\000F\000i\000l\000e\000\040\000R\000e\000f\000e\000r\000e\000n\000c\000e}{chapter.7}% 365
\BOOKMARK [1][-]{section.7.46}{\376\377\0007\000.\0004\0006\000\040\000s\000r\000c\000/\000c\000a\000r\000/\000s\000y\000s\000t\000e\000m\000/\000m\000o\000v\000e\000m\000e\000n\000t\000/\000c\000o\000n\000t\000r\000o\000l\000l\000e\000r\000/\000D\000u\000m\000m\000y\000M\000o\000v\000e\000m\000e\000n\000t\000C\000o\000n\000t\000r\000o\000l\000l\000e\000r\000.\000c\000p\000p\000\040\000F\000i\000l\000e\000\040\000R\000e\000f\000e\000r\000e\000n\000c\000e}{chapter.7}% 366
\BOOKMARK [1][-]{section.7.47}{\376\377\0007\000.\0004\0007\000\040\000s\000r\000c\000/\000c\000a\000r\000/\000s\000y\000s\000t\000e\000m\000/\000m\000o\000v\000e\000m\000e\000n\000t\000/\000d\000e\000v\000i\000c\000e\000s\000/\000R\000e\000a\000r\000W\000h\000e\000e\000l\000.\000c\000p\000p\000\040\000F\000i\000l\000e\000\040\000R\000e\000f\000e\000r\000e\000n\000c\000e}{chapter.7}% 367
\BOOKMARK [1][-]{section.7.48}{\376\377\0007\000.\0004\0008\000\040\000s\000r\000c\000/\000c\000a\000r\000/\000s\000y\000s\000t\000e\000m\000/\000m\000o\000v\000e\000m\000e\000n\000t\000/\000d\000e\000v\000i\000c\000e\000s\000/\000S\000e\000r\000v\000o\000.\000c\000p\000p\000\040\000F\000i\000l\000e\000\040\000R\000e\000f\000e\000r\000e\000n\000c\000e}{chapter.7}% 368
\BOOKMARK [1][-]{section.7.49}{\376\377\0007\000.\0004\0009\000\040\000t\000e\000s\000t\000s\000/\000p\000c\000a\0009\0006\0008\0005\000/\000t\000e\000s\000t\000\137\000f\000r\000o\000n\000t\000\137\000w\000h\000e\000e\000l\000s\000.\000c\000p\000p\000\040\000F\000i\000l\000e\000\040\000R\000e\000f\000e\000r\000e\000n\000c\000e}{chapter.7}% 369
\BOOKMARK [2][-]{subsection.7.49.1}{\376\377\0007\000.\0004\0009\000.\0001\000\040\000F\000u\000n\000c\000t\000i\000o\000n\000\040\000D\000o\000c\000u\000m\000e\000n\000t\000a\000t\000i\000o\000n}{section.7.49}% 370
\BOOKMARK [3][-]{subsubsection.7.49.1.1}{\376\377\0007\000.\0004\0009\000.\0001\000.\0001\000\040\000m\000a\000i\000n\000\050\000\051}{subsection.7.49.1}% 371
\BOOKMARK [3][-]{subsubsection.7.49.1.2}{\376\377\0007\000.\0004\0009\000.\0001\000.\0002\000\040\000m\000a\000p\000\050\000\051}{subsection.7.49.1}% 372
\BOOKMARK [3][-]{subsubsection.7.49.1.3}{\376\377\0007\000.\0004\0009\000.\0001\000.\0003\000\040\000s\000e\000t\000A\000n\000g\000l\000e\000\050\000\051}{subsection.7.49.1}% 373
\BOOKMARK [3][-]{subsubsection.7.49.1.4}{\376\377\0007\000.\0004\0009\000.\0001\000.\0004\000\040\000s\000e\000t\000A\000n\000g\000l\000e\000T\000o\000A\000n\000a\000l\000o\000g\000\050\000\051}{subsection.7.49.1}% 374
\BOOKMARK [2][-]{subsection.7.49.2}{\376\377\0007\000.\0004\0009\000.\0002\000\040\000V\000a\000r\000i\000a\000b\000l\000e\000\040\000D\000o\000c\000u\000m\000e\000n\000t\000a\000t\000i\000o\000n}{section.7.49}% 375
\BOOKMARK [3][-]{subsubsection.7.49.2.1}{\376\377\0007\000.\0004\0009\000.\0002\000.\0001\000\040\000o\000f\000f\000s\000e\000t}{subsection.7.49.2}% 376
\BOOKMARK [1][-]{section.7.50}{\376\377\0007\000.\0005\0000\000\040\000t\000e\000s\000t\000s\000/\000t\000b\0006\0006\0001\0002\000/\000t\000e\000s\000t\000\137\000r\000e\000a\000r\000\137\000w\000h\000e\000e\000l\000s\000.\000c\000p\000p\000\040\000F\000i\000l\000e\000\040\000R\000e\000f\000e\000r\000e\000n\000c\000e}{chapter.7}% 377
\BOOKMARK [2][-]{subsection.7.50.1}{\376\377\0007\000.\0005\0000\000.\0001\000\040\000F\000u\000n\000c\000t\000i\000o\000n\000\040\000D\000o\000c\000u\000m\000e\000n\000t\000a\000t\000i\000o\000n}{section.7.50}% 378
\BOOKMARK [3][-]{subsubsection.7.50.1.1}{\376\377\0007\000.\0005\0000\000.\0001\000.\0001\000\040\000m\000a\000i\000n\000\050\000\051}{subsection.7.50.1}% 379
\BOOKMARK [3][-]{subsubsection.7.50.1.2}{\376\377\0007\000.\0005\0000\000.\0001\000.\0002\000\040\000t\000e\000s\000t\000\050\000\051}{subsection.7.50.1}% 380
\BOOKMARK [0][-]{section*.115}{\376\377\000I\000n\000d\000e\000x}{}% 381
