\BOOKMARK [0][-]{chapter.1}{\376\377\0001\000\040\000A\000d\000m\000i\000n\000\040\000P\000a\000n\000e\000l}{}% 1
\BOOKMARK [1][-]{section.1.1}{\376\377\0001\000.\0001\000\040\000I\000n\000s\000t\000a\000l\000l\000\040\000P\000a\000c\000k\000a\000g\000e\000s\000:}{chapter.1}% 2
\BOOKMARK [1][-]{section.1.2}{\376\377\0001\000.\0002\000\040\000R\000u\000n\000:}{chapter.1}% 3
\BOOKMARK [1][-]{section.1.3}{\376\377\0001\000.\0003\000\040\000B\000u\000i\000l\000d\000\040\000E\000X\000E\000\040\000t\000o\000\040\000e\000x\000p\000o\000r\000t\000:}{chapter.1}% 4
\BOOKMARK [1][-]{section.1.4}{\376\377\0001\000.\0004\000\040\000T\000e\000m\000p\000l\000a\000t\000e\000\040\000f\000r\000o\000m\000:}{chapter.1}% 5
\BOOKMARK [0][-]{chapter.2}{\376\377\0002\000\040\000F\000i\000l\000e\000\040\000I\000n\000d\000e\000x}{}% 6
\BOOKMARK [1][-]{section.2.1}{\376\377\0002\000.\0001\000\040\000F\000i\000l\000e\000\040\000L\000i\000s\000t}{chapter.2}% 7
\BOOKMARK [0][-]{chapter.3}{\376\377\0003\000\040\000F\000i\000l\000e\000\040\000D\000o\000c\000u\000m\000e\000n\000t\000a\000t\000i\000o\000n}{}% 8
\BOOKMARK [1][-]{section.3.1}{\376\377\0003\000.\0001\000\040\000j\000s\000/\000b\000e\000h\000a\000v\000i\000o\000u\000r\000\137\000t\000r\000e\000e\000.\000j\000s\000\040\000F\000i\000l\000e\000\040\000R\000e\000f\000e\000r\000e\000n\000c\000e}{chapter.3}% 9
\BOOKMARK [1][-]{section.3.2}{\376\377\0003\000.\0002\000\040\000j\000s\000/\000d\000e\000v\000i\000c\000e\000.\000j\000s\000\040\000F\000i\000l\000e\000\040\000R\000e\000f\000e\000r\000e\000n\000c\000e}{chapter.3}% 10
\BOOKMARK [1][-]{section.3.3}{\376\377\0003\000.\0003\000\040\000j\000s\000/\000m\000a\000i\000n\000.\000j\000s\000\040\000F\000i\000l\000e\000\040\000R\000e\000f\000e\000r\000e\000n\000c\000e}{chapter.3}% 11
\BOOKMARK [1][-]{section.3.4}{\376\377\0003\000.\0004\000\040\000s\000r\000c\000/\000m\000a\000i\000n\000.\000j\000s\000\040\000F\000i\000l\000e\000\040\000R\000e\000f\000e\000r\000e\000n\000c\000e}{chapter.3}% 12
\BOOKMARK [1][-]{section.3.5}{\376\377\0003\000.\0005\000\040\000j\000s\000/\000p\000r\000e\000l\000o\000a\000d\000.\000j\000s\000\040\000F\000i\000l\000e\000\040\000R\000e\000f\000e\000r\000e\000n\000c\000e}{chapter.3}% 13
\BOOKMARK [1][-]{section.3.6}{\376\377\0003\000.\0006\000\040\000j\000s\000/\000r\000a\000s\000p\000b\000e\000r\000r\000y\000\137\000p\000i\000.\000j\000s\000\040\000F\000i\000l\000e\000\040\000R\000e\000f\000e\000r\000e\000n\000c\000e}{chapter.3}% 14
\BOOKMARK [1][-]{section.3.7}{\376\377\0003\000.\0007\000\040\000j\000s\000/\000s\000t\000o\000r\000e\000.\000j\000s\000\040\000F\000i\000l\000e\000\040\000R\000e\000f\000e\000r\000e\000n\000c\000e}{chapter.3}% 15
\BOOKMARK [1][-]{section.3.8}{\376\377\0003\000.\0008\000\040\000j\000s\000/\000w\000e\000b\000s\000o\000c\000k\000e\000t\000.\000j\000s\000\040\000F\000i\000l\000e\000\040\000R\000e\000f\000e\000r\000e\000n\000c\000e}{chapter.3}% 16
\BOOKMARK [1][-]{section.3.9}{\376\377\0003\000.\0009\000\040\000j\000s\000/\000w\000e\000b\000s\000o\000c\000k\000e\000t\000\137\000e\000v\000e\000n\000t\000s\000.\000j\000s\000\040\000F\000i\000l\000e\000\040\000R\000e\000f\000e\000r\000e\000n\000c\000e}{chapter.3}% 17
\BOOKMARK [1][-]{section.3.10}{\376\377\0003\000.\0001\0000\000\040\000p\000u\000b\000l\000i\000c\000/\000i\000n\000d\000e\000x\000.\000h\000t\000m\000l\000\040\000F\000i\000l\000e\000\040\000R\000e\000f\000e\000r\000e\000n\000c\000e}{chapter.3}% 18
\BOOKMARK [1][-]{section.3.11}{\376\377\0003\000.\0001\0001\000\040\000R\000E\000A\000D\000M\000E\000.\000m\000d\000\040\000F\000i\000l\000e\000\040\000R\000e\000f\000e\000r\000e\000n\000c\000e}{chapter.3}% 19
\BOOKMARK [1][-]{section.3.12}{\376\377\0003\000.\0001\0002\000\040\000r\000o\000l\000l\000u\000p\000.\000c\000o\000n\000f\000i\000g\000.\000j\000s\000\040\000F\000i\000l\000e\000\040\000R\000e\000f\000e\000r\000e\000n\000c\000e}{chapter.3}% 20
\BOOKMARK [1][-]{section.3.13}{\376\377\0003\000.\0001\0003\000\040\000s\000r\000c\000/\000A\000p\000p\000.\000s\000v\000e\000l\000t\000e\000\040\000F\000i\000l\000e\000\040\000R\000e\000f\000e\000r\000e\000n\000c\000e}{chapter.3}% 21
\BOOKMARK [1][-]{section.3.14}{\376\377\0003\000.\0001\0004\000\040\000s\000r\000c\000/\000l\000i\000b\000/\000B\000e\000h\000a\000v\000i\000o\000u\000r\000T\000r\000e\000e\000H\000a\000n\000d\000l\000e\000r\000.\000s\000v\000e\000l\000t\000e\000\040\000F\000i\000l\000e\000\040\000R\000e\000f\000e\000r\000e\000n\000c\000e}{chapter.3}% 22
\BOOKMARK [1][-]{section.3.15}{\376\377\0003\000.\0001\0005\000\040\000s\000r\000c\000/\000l\000i\000b\000/\000C\000o\000d\000e\000B\000o\000x\000\137\000C\000o\000n\000s\000t\000a\000n\000t\000s\000.\000j\000s\000\040\000F\000i\000l\000e\000\040\000R\000e\000f\000e\000r\000e\000n\000c\000e}{chapter.3}% 23
\BOOKMARK [1][-]{section.3.16}{\376\377\0003\000.\0001\0006\000\040\000s\000r\000c\000/\000l\000i\000b\000/\000h\000o\000m\000e\000/\000C\000o\000d\000e\000B\000o\000x\000.\000s\000v\000e\000l\000t\000e\000\040\000F\000i\000l\000e\000\040\000R\000e\000f\000e\000r\000e\000n\000c\000e}{chapter.3}% 24
\BOOKMARK [1][-]{section.3.17}{\376\377\0003\000.\0001\0007\000\040\000s\000r\000c\000/\000l\000i\000b\000/\000v\000a\000l\000i\000d\000a\000t\000e\000/\000C\000o\000d\000e\000B\000o\000x\000.\000s\000v\000e\000l\000t\000e\000\040\000F\000i\000l\000e\000\040\000R\000e\000f\000e\000r\000e\000n\000c\000e}{chapter.3}% 25
\BOOKMARK [1][-]{section.3.18}{\376\377\0003\000.\0001\0008\000\040\000s\000r\000c\000/\000l\000i\000b\000/\000h\000o\000m\000e\000/\000C\000o\000d\000e\000M\000e\000s\000s\000a\000g\000i\000n\000g\000B\000a\000r\000.\000s\000v\000e\000l\000t\000e\000\040\000F\000i\000l\000e\000\040\000R\000e\000f\000e\000r\000e\000n\000c\000e}{chapter.3}% 26
\BOOKMARK [1][-]{section.3.19}{\376\377\0003\000.\0001\0009\000\040\000s\000r\000c\000/\000l\000i\000b\000/\000h\000o\000m\000e\000/\000S\000t\000r\000e\000a\000m\000.\000s\000v\000e\000l\000t\000e\000\040\000F\000i\000l\000e\000\040\000R\000e\000f\000e\000r\000e\000n\000c\000e}{chapter.3}% 27
\BOOKMARK [1][-]{section.3.20}{\376\377\0003\000.\0002\0000\000\040\000s\000r\000c\000/\000l\000i\000b\000/\000I\000P\000L\000i\000s\000t\000.\000s\000v\000e\000l\000t\000e\000\040\000F\000i\000l\000e\000\040\000R\000e\000f\000e\000r\000e\000n\000c\000e}{chapter.3}% 28
\BOOKMARK [1][-]{section.3.21}{\376\377\0003\000.\0002\0001\000\040\000s\000r\000c\000/\000l\000i\000b\000/\000N\000a\000v\000i\000g\000a\000t\000i\000o\000n\000B\000a\000r\000.\000s\000v\000e\000l\000t\000e\000\040\000F\000i\000l\000e\000\040\000R\000e\000f\000e\000r\000e\000n\000c\000e}{chapter.3}% 29
\BOOKMARK [1][-]{section.3.22}{\376\377\0003\000.\0002\0002\000\040\000s\000r\000c\000/\000l\000i\000b\000/\000R\000a\000s\000p\000b\000e\000r\000r\000y\000P\000i\000C\000o\000n\000n\000e\000c\000t\000B\000a\000n\000n\000e\000r\000.\000s\000v\000e\000l\000t\000e\000\040\000F\000i\000l\000e\000\040\000R\000e\000f\000e\000r\000e\000n\000c\000e}{chapter.3}% 30
\BOOKMARK [1][-]{section.3.23}{\376\377\0003\000.\0002\0003\000\040\000s\000r\000c\000/\000l\000i\000b\000/\000R\000a\000s\000p\000b\000e\000r\000r\000y\000P\000i\000S\000e\000l\000e\000c\000t\000o\000r\000.\000s\000v\000e\000l\000t\000e\000\040\000F\000i\000l\000e\000\040\000R\000e\000f\000e\000r\000e\000n\000c\000e}{chapter.3}% 31
\BOOKMARK [1][-]{section.3.24}{\376\377\0003\000.\0002\0004\000\040\000s\000r\000c\000/\000l\000i\000b\000/\000S\000a\000v\000e\000B\000e\000h\000a\000v\000i\000o\000u\000r\000T\000r\000e\000e\000M\000o\000d\000a\000l\000.\000s\000v\000e\000l\000t\000e\000\040\000F\000i\000l\000e\000\040\000R\000e\000f\000e\000r\000e\000n\000c\000e}{chapter.3}% 32
\BOOKMARK [1][-]{section.3.25}{\376\377\0003\000.\0002\0005\000\040\000s\000r\000c\000/\000l\000i\000b\000/\000v\000a\000l\000i\000d\000a\000t\000e\000/\000C\000o\000d\000e\000B\000u\000t\000t\000o\000n\000.\000s\000v\000e\000l\000t\000e\000\040\000F\000i\000l\000e\000\040\000R\000e\000f\000e\000r\000e\000n\000c\000e}{chapter.3}% 33
\BOOKMARK [1][-]{section.3.26}{\376\377\0003\000.\0002\0006\000\040\000s\000r\000c\000/\000l\000i\000b\000/\000W\000e\000b\000s\000o\000c\000k\000e\000t\000S\000e\000r\000v\000e\000r\000C\000o\000n\000f\000i\000g\000.\000s\000v\000e\000l\000t\000e\000\040\000F\000i\000l\000e\000\040\000R\000e\000f\000e\000r\000e\000n\000c\000e}{chapter.3}% 34
\BOOKMARK [1][-]{section.3.27}{\376\377\0003\000.\0002\0007\000\040\000s\000r\000c\000/\000r\000o\000u\000t\000e\000s\000.\000j\000s\000\040\000F\000i\000l\000e\000\040\000R\000e\000f\000e\000r\000e\000n\000c\000e}{chapter.3}% 35
\BOOKMARK [1][-]{section.3.28}{\376\377\0003\000.\0002\0008\000\040\000s\000r\000c\000/\000r\000o\000u\000t\000e\000s\000/\000H\000o\000m\000e\000.\000s\000v\000e\000l\000t\000e\000\040\000F\000i\000l\000e\000\040\000R\000e\000f\000e\000r\000e\000n\000c\000e}{chapter.3}% 36
\BOOKMARK [1][-]{section.3.29}{\376\377\0003\000.\0002\0009\000\040\000s\000r\000c\000/\000r\000o\000u\000t\000e\000s\000/\000N\000o\000t\000F\000o\000u\000n\000d\000.\000s\000v\000e\000l\000t\000e\000\040\000F\000i\000l\000e\000\040\000R\000e\000f\000e\000r\000e\000n\000c\000e}{chapter.3}% 37
\BOOKMARK [1][-]{section.3.30}{\376\377\0003\000.\0003\0000\000\040\000s\000r\000c\000/\000r\000o\000u\000t\000e\000s\000/\000V\000a\000l\000i\000d\000a\000t\000e\000.\000s\000v\000e\000l\000t\000e\000\040\000F\000i\000l\000e\000\040\000R\000e\000f\000e\000r\000e\000n\000c\000e}{chapter.3}% 38
\BOOKMARK [1][-]{section.3.31}{\376\377\0003\000.\0003\0001\000\040\000s\000r\000c\000/\000r\000o\000u\000t\000e\000s\000/\000W\000e\000b\000s\000o\000c\000k\000e\000t\000.\000s\000v\000e\000l\000t\000e\000\040\000F\000i\000l\000e\000\040\000R\000e\000f\000e\000r\000e\000n\000c\000e}{chapter.3}% 39
\BOOKMARK [1][-]{section.3.32}{\376\377\0003\000.\0003\0002\000\040\000s\000r\000c\000/\000s\000t\000o\000r\000e\000/\000b\000e\000h\000a\000v\000i\000o\000u\000r\000\137\000t\000r\000e\000e\000\137\000s\000t\000o\000r\000e\000.\000j\000s\000\040\000F\000i\000l\000e\000\040\000R\000e\000f\000e\000r\000e\000n\000c\000e}{chapter.3}% 40
\BOOKMARK [1][-]{section.3.33}{\376\377\0003\000.\0003\0003\000\040\000s\000r\000c\000/\000s\000t\000o\000r\000e\000/\000h\000o\000m\000e\000\137\000s\000t\000o\000r\000e\000.\000j\000s\000\040\000F\000i\000l\000e\000\040\000R\000e\000f\000e\000r\000e\000n\000c\000e}{chapter.3}% 41
\BOOKMARK [1][-]{section.3.34}{\376\377\0003\000.\0003\0004\000\040\000s\000r\000c\000/\000s\000t\000o\000r\000e\000/\000r\000a\000s\000p\000b\000e\000r\000r\000y\000\137\000p\000i\000\137\000s\000t\000o\000r\000e\000.\000j\000s\000\040\000F\000i\000l\000e\000\040\000R\000e\000f\000e\000r\000e\000n\000c\000e}{chapter.3}% 42
\BOOKMARK [1][-]{section.3.35}{\376\377\0003\000.\0003\0005\000\040\000s\000r\000c\000/\000s\000t\000o\000r\000e\000/\000w\000e\000b\000s\000o\000c\000k\000e\000t\000\137\000s\000t\000o\000r\000e\000.\000j\000s\000\040\000F\000i\000l\000e\000\040\000R\000e\000f\000e\000r\000e\000n\000c\000e}{chapter.3}% 43
\BOOKMARK [0][-]{section*.1}{\376\377\000I\000n\000d\000e\000x}{}% 44
